1.000000000000000000e+05 -4.850999999999999801e+01
9.862789999999999418e+04 -4.869980000000000331e+01
9.727469999999999709e+04 -4.888960000000000150e+01
9.594000000000000000e+04 -4.907930000000000348e+01
9.462369999999999709e+04 -4.926910000000000167e+01
9.332539999999999418e+04 -4.945889999999999986e+01
9.204500000000000000e+04 -4.964869999999999806e+01
9.078210000000000582e+04 -4.983850000000000335e+01
8.953650000000000000e+04 -5.002819999999999823e+01
8.830800000000000000e+04 -5.021800000000000352e+01
8.709639999999999418e+04 -5.040780000000000172e+01
8.590139999999999418e+04 -5.059759999999999991e+01
8.472269999999999709e+04 -5.078739999999999810e+01
8.356030000000000291e+04 -5.097720000000000340e+01
8.241380000000000291e+04 -5.116689999999999827e+01
8.128300000000000000e+04 -5.135669999999999646e+01
8.016780000000000291e+04 -5.154650000000000176e+01
7.906780000000000291e+04 -5.173629999999999995e+01
7.798300000000000000e+04 -5.192600000000000193e+01
7.691310000000000582e+04 -5.211580000000000013e+01
7.585780000000000291e+04 -5.230559999999999832e+01
7.481700000000000000e+04 -5.249539999999999651e+01
7.379039999999999418e+04 -5.268520000000000181e+01
7.277800000000000000e+04 -5.287500000000000000e+01
7.177939999999999418e+04 -5.306470000000000198e+01
7.079460000000000582e+04 -5.325450000000000017e+01
6.982319999999999709e+04 -5.344429999999999836e+01
6.886519999999999709e+04 -5.363409999999999656e+01
6.792030000000000291e+04 -5.382390000000000185e+01
6.698850000000000000e+04 -5.401359999999999673e+01
6.606939999999999418e+04 -5.420340000000000202e+01
6.516290000000000146e+04 -5.439320000000000022e+01
6.426880000000000291e+04 -5.458299999999999841e+01
6.338700000000000000e+04 -5.477279999999999660e+01
6.251730000000000291e+04 -5.496249999999999858e+01
6.165950000000000000e+04 -5.515229999999999677e+01
6.081350000000000000e+04 -5.534210000000000207e+01
5.997909999999999854e+04 -5.553190000000000026e+01
5.915609999999999854e+04 -5.572160000000000224e+01
5.834450000000000000e+04 -5.591140000000000043e+01
5.754400000000000000e+04 -5.610119999999999862e+01
5.675450000000000000e+04 -5.629099999999999682e+01
5.597580000000000291e+04 -5.648080000000000211e+01
5.520780000000000291e+04 -5.667049999999999699e+01
5.445030000000000291e+04 -5.686030000000000229e+01
5.370319999999999709e+04 -5.705010000000000048e+01
5.296630000000000291e+04 -5.723989999999999867e+01
5.223959999999999854e+04 -5.742969999999999686e+01
5.152290000000000146e+04 -5.761939999999999884e+01
5.081590000000000146e+04 -5.780919999999999703e+01
5.011869999999999709e+04 -5.799900000000000233e+01
4.943109999999999854e+04 -5.818880000000000052e+01
4.875290000000000146e+04 -5.837859999999999872e+01
4.808400000000000000e+04 -5.856830000000000069e+01
4.742419999999999709e+04 -5.875809999999999889e+01
4.677350000000000000e+04 -5.894789999999999708e+01
4.613180000000000291e+04 -5.913770000000000238e+01
4.549880000000000291e+04 -5.932750000000000057e+01
4.487450000000000000e+04 -5.951720000000000255e+01
4.425880000000000291e+04 -5.970700000000000074e+01
4.365159999999999854e+04 -5.989679999999999893e+01
4.305259999999999854e+04 -6.008659999999999712e+01
4.246190000000000146e+04 -6.027640000000000242e+01
4.187940000000000146e+04 -6.046609999999999729e+01
4.130480000000000291e+04 -6.065590000000000259e+01
4.073800000000000000e+04 -6.084570000000000078e+01
4.017909999999999854e+04 -6.103549999999999898e+01
3.962780000000000291e+04 -6.122529999999999717e+01
3.908409999999999854e+04 -6.141510000000000247e+01
3.854780000000000291e+04 -6.160479999999999734e+01
3.801890000000000146e+04 -6.179460000000000264e+01
3.749730000000000291e+04 -6.198440000000000083e+01
3.698280000000000291e+04 -6.217419999999999902e+01
3.647540000000000146e+04 -6.236399999999999721e+01
3.597490000000000146e+04 -6.255369999999999919e+01
3.548140000000000146e+04 -6.274349999999999739e+01
3.499450000000000000e+04 -6.293330000000000268e+01
3.451440000000000146e+04 -6.312310000000000088e+01
3.404080000000000291e+04 -6.331289999999999907e+01
3.357380000000000291e+04 -6.350260000000000105e+01
3.311309999999999854e+04 -6.369239999999999924e+01
3.265879999999999927e+04 -6.388219999999999743e+01
3.221070000000000073e+04 -6.407200000000000273e+01
3.176870000000000073e+04 -6.426170000000000471e+01
3.133279999999999927e+04 -6.445149999999999579e+01
3.090290000000000146e+04 -6.464130000000000109e+01
3.047900000000000000e+04 -6.483110000000000639e+01
3.006079999999999927e+04 -6.502089999999999748e+01
2.964829999999999927e+04 -6.521059999999999945e+01
2.924150000000000000e+04 -6.540040000000000475e+01
2.884029999999999927e+04 -6.559019999999999584e+01
2.844459999999999854e+04 -6.578000000000000114e+01
2.805429999999999927e+04 -6.596980000000000643e+01
2.766940000000000146e+04 -6.615949999999999420e+01
2.728979999999999927e+04 -6.634929999999999950e+01
2.691529999999999927e+04 -6.653910000000000480e+01
2.654600000000000000e+04 -6.672889999999999588e+01
2.618179999999999927e+04 -6.691870000000000118e+01
2.582259999999999854e+04 -6.710840000000000316e+01
2.546829999999999927e+04 -6.729819999999999425e+01
2.511890000000000146e+04 -6.748799999999999955e+01
2.477420000000000073e+04 -6.767780000000000484e+01
2.443429999999999927e+04 -6.786759999999999593e+01
2.409909999999999854e+04 -6.805729999999999791e+01
2.376840000000000146e+04 -6.824710000000000321e+01
2.344229999999999927e+04 -6.843689999999999429e+01
2.312059999999999854e+04 -6.862669999999999959e+01
2.280340000000000146e+04 -6.881650000000000489e+01
2.249059999999999854e+04 -6.900620000000000687e+01
2.218200000000000000e+04 -6.919599999999999795e+01
2.187759999999999854e+04 -6.938580000000000325e+01
2.157740000000000146e+04 -6.957559999999999434e+01
2.128140000000000146e+04 -6.976539999999999964e+01
2.098940000000000146e+04 -6.995510000000000161e+01
2.070140000000000146e+04 -7.014490000000000691e+01
2.041740000000000146e+04 -7.033469999999999800e+01
2.013720000000000073e+04 -7.052450000000000330e+01
1.986090000000000146e+04 -7.071429999999999438e+01
1.958840000000000146e+04 -7.090409999999999968e+01
1.931970000000000073e+04 -7.109380000000000166e+01
1.905459999999999854e+04 -7.128360000000000696e+01
1.879320000000000073e+04 -7.147339999999999804e+01
1.853529999999999927e+04 -7.166320000000000334e+01
1.828100000000000000e+04 -7.185299999999999443e+01
1.803020000000000073e+04 -7.204269999999999641e+01
1.778279999999999927e+04 -7.223250000000000171e+01
1.753879999999999927e+04 -7.242230000000000700e+01
1.729820000000000073e+04 -7.261209999999999809e+01
1.706079999999999927e+04 -7.280180000000000007e+01
1.682670000000000073e+04 -7.299160000000000537e+01
1.659590000000000146e+04 -7.318139999999999645e+01
1.636820000000000073e+04 -7.337120000000000175e+01
1.614360000000000036e+04 -7.356100000000000705e+01
1.592210000000000036e+04 -7.375069999999999482e+01
1.570360000000000036e+04 -7.394050000000000011e+01
1.548820000000000073e+04 -7.413030000000000541e+01
1.527570000000000073e+04 -7.432009999999999650e+01
1.506610000000000036e+04 -7.450990000000000180e+01
1.485939999999999964e+04 -7.469960000000000377e+01
1.465550000000000000e+04 -7.488939999999999486e+01
1.445439999999999964e+04 -7.507920000000000016e+01
1.425610000000000036e+04 -7.526900000000000546e+01
1.406050000000000000e+04 -7.545879999999999654e+01
1.386760000000000036e+04 -7.564849999999999852e+01
1.367729999999999927e+04 -7.583830000000000382e+01
1.348960000000000036e+04 -7.602809999999999491e+01
1.330450000000000000e+04 -7.621790000000000020e+01
1.312200000000000000e+04 -7.640770000000000550e+01
1.294200000000000000e+04 -7.659739999999999327e+01
1.276439999999999964e+04 -7.678719999999999857e+01
1.258929999999999927e+04 -7.697700000000000387e+01
1.241650000000000000e+04 -7.716679999999999495e+01
1.224620000000000073e+04 -7.735660000000000025e+01
1.207810000000000036e+04 -7.754640000000000555e+01
1.191239999999999964e+04 -7.773609999999999332e+01
1.174900000000000000e+04 -7.792589999999999861e+01
1.158779999999999927e+04 -7.811570000000000391e+01
1.142879999999999927e+04 -7.830549999999999500e+01
1.127200000000000000e+04 -7.849519999999999698e+01
1.111729999999999927e+04 -7.868500000000000227e+01
1.096479999999999927e+04 -7.887479999999999336e+01
1.081429999999999927e+04 -7.906459999999999866e+01
1.066600000000000000e+04 -7.925440000000000396e+01
1.051961000000000058e+04 -7.944419999999999504e+01
1.037528000000000065e+04 -7.963389999999999702e+01
1.023294000000000051e+04 -7.982370000000000232e+01
1.009253000000000065e+04 -8.001349999999999341e+01
9.954059999999999491e+03 -8.020329999999999870e+01
9.817479999999999563e+03 -8.039300000000000068e+01
9.682780000000000655e+03 -8.058280000000000598e+01
9.549930000000000291e+03 -8.077259999999999707e+01
9.418899999999999636e+03 -8.096240000000000236e+01
9.289659999999999854e+03 -8.115219999999999345e+01
9.162200000000000728e+03 -8.134189999999999543e+01
9.036489999999999782e+03 -8.153170000000000073e+01
8.912510000000000218e+03 -8.172150000000000603e+01
8.790229999999999563e+03 -8.191129999999999711e+01
8.669620000000000800e+03 -8.210110000000000241e+01
8.550670000000000073e+03 -8.229080000000000439e+01
8.433350000000000364e+03 -8.248059999999999548e+01
8.317639999999999418e+03 -8.267040000000000077e+01
8.203520000000000437e+03 -8.286020000000000607e+01
8.090960000000000036e+03 -8.304999999999999716e+01
7.979949999999999818e+03 -8.323969999999999914e+01
7.870460000000000036e+03 -8.342950000000000443e+01
7.762470000000000255e+03 -8.361929999999999552e+01
7.655960000000000036e+03 -8.380910000000000082e+01
7.550920000000000073e+03 -8.399890000000000612e+01
7.447319999999999709e+03 -8.418859999999999388e+01
7.345140000000000327e+03 -8.437839999999999918e+01
7.244359999999999673e+03 -8.456820000000000448e+01
7.144960000000000036e+03 -8.475799999999999557e+01
7.046930000000000291e+03 -8.494780000000000086e+01
6.950239999999999782e+03 -8.513760000000000616e+01
6.854880000000000109e+03 -8.532729999999999393e+01
6.760829999999999927e+03 -8.551709999999999923e+01
6.668069999999999709e+03 -8.570690000000000452e+01
6.576579999999999927e+03 -8.589669999999999561e+01
6.486340000000000146e+03 -8.608639999999999759e+01
6.397350000000000364e+03 -8.627620000000000289e+01
6.309569999999999709e+03 -8.646599999999999397e+01
6.223010000000000218e+03 -8.665579999999999927e+01
6.137619999999999891e+03 -8.684560000000000457e+01
6.053409999999999854e+03 -8.703530000000000655e+01
5.970350000000000364e+03 -8.722509999999999764e+01
5.888439999999999600e+03 -8.741490000000000293e+01
5.807640000000000327e+03 -8.760469999999999402e+01
5.727960000000000036e+03 -8.779449999999999932e+01
5.649369999999999891e+03 -8.798430000000000462e+01
5.571850000000000364e+03 -8.817400000000000659e+01
5.495409999999999854e+03 -8.836379999999999768e+01
5.420010000000000218e+03 -8.855360000000000298e+01
5.345649999999999636e+03 -8.874339999999999407e+01
5.272300000000000182e+03 -8.893309999999999604e+01
5.199960000000000036e+03 -8.912290000000000134e+01
5.128609999999999673e+03 -8.931270000000000664e+01
5.058250000000000000e+03 -8.950249999999999773e+01
4.988840000000000146e+03 -8.969230000000000302e+01
4.920390000000000327e+03 -8.988200000000000500e+01
4.852880000000000109e+03 -9.007179999999999609e+01
4.786300000000000182e+03 -9.026160000000000139e+01
4.720630000000000109e+03 -9.045140000000000668e+01
4.655859999999999673e+03 -9.064119999999999777e+01
4.591979999999999563e+03 -9.083089999999999975e+01
4.528979999999999563e+03 -9.102070000000000505e+01
4.466840000000000146e+03 -9.121049999999999613e+01
4.405550000000000182e+03 -9.140030000000000143e+01
4.345100000000000364e+03 -9.159010000000000673e+01
4.285479999999999563e+03 -9.177979999999999450e+01
4.226689999999999600e+03 -9.196959999999999980e+01
4.168689999999999600e+03 -9.215940000000000509e+01
4.111500000000000000e+03 -9.234919999999999618e+01
4.055090000000000146e+03 -9.253900000000000148e+01
3.999449999999999818e+03 -9.272870000000000346e+01
3.944570000000000164e+03 -9.291849999999999454e+01
3.890449999999999818e+03 -9.310829999999999984e+01
3.837070000000000164e+03 -9.329810000000000514e+01
3.784429999999999836e+03 -9.348789999999999623e+01
3.732500000000000000e+03 -9.367759999999999820e+01
3.681289999999999964e+03 -9.386740000000000350e+01
3.630780000000000200e+03 -9.405719999999999459e+01
3.580960000000000036e+03 -9.424699999999999989e+01
3.531829999999999927e+03 -9.443680000000000518e+01
3.483369999999999891e+03 -9.462649999999999295e+01
3.435579999999999927e+03 -9.481629999999999825e+01
3.388440000000000055e+03 -9.500610000000000355e+01
3.341949999999999818e+03 -9.519589999999999463e+01
3.296099999999999909e+03 -9.538569999999999993e+01
3.250869999999999891e+03 -9.557540000000000191e+01
3.206269999999999982e+03 -9.576519999999999300e+01
3.162280000000000200e+03 -9.595499999999999829e+01
3.118889999999999873e+03 -9.614480000000000359e+01
3.076099999999999909e+03 -9.633459999999999468e+01
3.033889999999999873e+03 -9.652439999999999998e+01
2.992260000000000218e+03 -9.671410000000000196e+01
2.951210000000000036e+03 -9.690389999999999304e+01
2.910719999999999800e+03 -9.709369999999999834e+01
2.870780000000000200e+03 -9.728350000000000364e+01
2.831389999999999873e+03 -9.747320000000000562e+01
2.792539999999999964e+03 -9.766299999999999670e+01
2.754230000000000018e+03 -9.785280000000000200e+01
2.716440000000000055e+03 -9.804259999999999309e+01
2.679170000000000073e+03 -9.823239999999999839e+01
2.642409999999999854e+03 -9.842210000000000036e+01
2.606150000000000091e+03 -9.861190000000000566e+01
2.570389999999999873e+03 -9.880169999999999675e+01
2.535130000000000109e+03 -9.899150000000000205e+01
2.500349999999999909e+03 -9.918129999999999313e+01
2.466039999999999964e+03 -9.937099999999999511e+01
2.432199999999999818e+03 -9.956080000000000041e+01
2.398829999999999927e+03 -9.975060000000000571e+01
2.365920000000000073e+03 -9.994039999999999679e+01
2.333460000000000036e+03 -1.001302000000000021e+02
2.301440000000000055e+03 -1.003199000000000041e+02
2.269860000000000127e+03 -1.005096999999999952e+02
2.238719999999999800e+03 -1.006995000000000005e+02
2.208000000000000000e+03 -1.008893000000000058e+02
2.177710000000000036e+03 -1.010790999999999968e+02
2.147829999999999927e+03 -1.012687999999999988e+02
2.118360000000000127e+03 -1.014586000000000041e+02
2.089300000000000182e+03 -1.016483999999999952e+02
2.060630000000000109e+03 -1.018382000000000005e+02
2.032359999999999900e+03 -1.020280000000000058e+02
2.004470000000000027e+03 -1.022176999999999936e+02
1.976970000000000027e+03 -1.024074999999999989e+02
1.949839999999999918e+03 -1.025973000000000042e+02
1.923089999999999918e+03 -1.027870999999999952e+02
1.896710000000000036e+03 -1.029769000000000005e+02
1.870680000000000064e+03 -1.031666000000000025e+02
1.845019999999999982e+03 -1.033563999999999936e+02
1.819700000000000045e+03 -1.035461999999999989e+02
1.794730000000000018e+03 -1.037360000000000042e+02
1.770109999999999900e+03 -1.039257999999999953e+02
1.745819999999999936e+03 -1.041154999999999973e+02
1.721869999999999891e+03 -1.043053000000000026e+02
1.698240000000000009e+03 -1.044950999999999937e+02
1.674940000000000055e+03 -1.046848999999999990e+02
1.651960000000000036e+03 -1.048747000000000043e+02
1.629299999999999955e+03 -1.050644999999999953e+02
1.606940000000000055e+03 -1.052540000000000049e+02
1.584890000000000100e+03 -1.054440000000000026e+02
1.563150000000000091e+03 -1.056340000000000003e+02
1.541700000000000045e+03 -1.058239999999999981e+02
1.520549999999999955e+03 -1.060130000000000052e+02
1.499690000000000055e+03 -1.062030000000000030e+02
1.479109999999999900e+03 -1.063930000000000007e+02
1.458809999999999945e+03 -1.065829999999999984e+02
1.438799999999999955e+03 -1.067720000000000056e+02
1.419059999999999945e+03 -1.069620000000000033e+02
1.399589999999999918e+03 -1.071520000000000010e+02
1.380380000000000109e+03 -1.073419999999999987e+02
1.361440000000000055e+03 -1.075319999999999965e+02
1.342769999999999982e+03 -1.077210000000000036e+02
1.324339999999999918e+03 -1.079110000000000014e+02
1.306170000000000073e+03 -1.081009999999999991e+02
1.288250000000000000e+03 -1.082909999999999968e+02
1.270569999999999936e+03 -1.084800000000000040e+02
1.253140000000000100e+03 -1.086700000000000017e+02
1.235950000000000045e+03 -1.088599999999999994e+02
1.218990000000000009e+03 -1.090499999999999972e+02
1.202259999999999991e+03 -1.092399999999999949e+02
1.185769999999999982e+03 -1.094290000000000020e+02
1.169500000000000000e+03 -1.096189999999999998e+02
1.153450000000000045e+03 -1.098089999999999975e+02
1.137630000000000109e+03 -1.099989999999999952e+02
1.122019999999999982e+03 -1.101889999999999930e+02
1.106619999999999891e+03 -1.103780000000000001e+02
1.091440000000000055e+03 -1.105679999999999978e+02
1.076470000000000027e+03 -1.107579999999999956e+02
1.061700000000000045e+03 -1.109479999999999933e+02
1.047130000000000109e+03 -1.111370000000000005e+02
1.032759999999999991e+03 -1.113269999999999982e+02
1.018590000000000032e+03 -1.115169999999999959e+02
1.004615000000000009e+03 -1.117069999999999936e+02
9.908319999999999936e+02 -1.118970000000000056e+02
9.772369999999999663e+02 -1.120859999999999985e+02
9.638289999999999509e+02 -1.122759999999999962e+02
9.506050000000000182e+02 -1.124659999999999940e+02
9.375620000000000118e+02 -1.126560000000000059e+02
9.246979999999999791e+02 -1.128449999999999989e+02
9.120109999999999673e+02 -1.130349999999999966e+02
8.994980000000000473e+02 -1.132249999999999943e+02
8.871559999999999491e+02 -1.134150000000000063e+02
8.749840000000000373e+02 -1.136050000000000040e+02
8.629779999999999518e+02 -1.137939999999999969e+02
8.511380000000000337e+02 -1.139839999999999947e+02
8.394600000000000364e+02 -1.141740000000000066e+02
8.279420000000000073e+02 -1.143640000000000043e+02
8.165819999999999936e+02 -1.145529999999999973e+02
8.053780000000000427e+02 -1.147429999999999950e+02
7.943279999999999745e+02 -1.149330000000000069e+02
7.834299999999999500e+02 -1.151230000000000047e+02
7.726810000000000400e+02 -1.153130000000000024e+02
7.620789999999999509e+02 -1.155019999999999953e+02
7.516230000000000473e+02 -1.156919999999999931e+02
7.413099999999999454e+02 -1.158820000000000050e+02
7.311390000000000100e+02 -1.160720000000000027e+02
7.211079999999999472e+02 -1.162609999999999957e+02
7.112140000000000555e+02 -1.164509999999999934e+02
7.014550000000000409e+02 -1.166410000000000053e+02
6.918310000000000173e+02 -1.168310000000000031e+02
6.823390000000000555e+02 -1.170210000000000008e+02
6.729769999999999754e+02 -1.172099999999999937e+02
6.637430000000000518e+02 -1.174000000000000057e+02
6.546359999999999673e+02 -1.175900000000000034e+02
6.456539999999999964e+02 -1.177800000000000011e+02
6.367949999999999591e+02 -1.179689999999999941e+02
6.280579999999999927e+02 -1.181590000000000060e+02
6.194410000000000309e+02 -1.183490000000000038e+02
6.109420000000000073e+02 -1.185390000000000015e+02
6.025599999999999454e+02 -1.187289999999999992e+02
5.942920000000000300e+02 -1.189180000000000064e+02
5.861380000000000337e+02 -1.191080000000000041e+02
5.780960000000000036e+02 -1.192980000000000018e+02
5.701639999999999873e+02 -1.194879999999999995e+02
5.623410000000000082e+02 -1.196779999999999973e+02
5.546259999999999764e+02 -1.198670000000000044e+02
5.470159999999999627e+02 -1.200570000000000022e+02
5.395099999999999909e+02 -1.202469999999999999e+02
5.321079999999999472e+02 -1.204369999999999976e+02
5.248070000000000164e+02 -1.206260000000000048e+02
5.176069999999999709e+02 -1.208160000000000025e+02
5.105049999999999955e+02 -1.210060000000000002e+02
5.035000000000000000e+02 -1.211959999999999980e+02
4.965919999999999845e+02 -1.213859999999999957e+02
4.897789999999999964e+02 -1.215750000000000028e+02
4.830590000000000259e+02 -1.217650000000000006e+02
4.764309999999999832e+02 -1.219549999999999983e+02
4.698940000000000055e+02 -1.221449999999999960e+02
4.634470000000000027e+02 -1.223340000000000032e+02
4.570880000000000223e+02 -1.225240000000000009e+02
4.508170000000000073e+02 -1.227139999999999986e+02
4.446309999999999718e+02 -1.229039999999999964e+02
4.385310000000000059e+02 -1.230939999999999941e+02
4.325140000000000100e+02 -1.232830000000000013e+02
4.265790000000000077e+02 -1.234729999999999990e+02
4.207269999999999754e+02 -1.236629999999999967e+02
4.149540000000000077e+02 -1.238529999999999944e+02
4.092610000000000241e+02 -1.240420000000000016e+02
4.036449999999999818e+02 -1.242319999999999993e+02
3.981070000000000277e+02 -1.244219999999999970e+02
3.926449999999999818e+02 -1.246119999999999948e+02
3.872579999999999814e+02 -1.248020000000000067e+02
3.819440000000000168e+02 -1.249909999999999997e+02
3.767040000000000077e+02 -1.251809999999999974e+02
3.715350000000000250e+02 -1.253709999999999951e+02
3.664379999999999882e+02 -1.255610000000000070e+02
3.614100000000000250e+02 -1.257500000000000000e+02
3.564510000000000218e+02 -1.259399999999999977e+02
3.515600000000000023e+02 -1.260349999999999966e+02
3.467370000000000232e+02 -1.260949999999999989e+02
3.419789999999999850e+02 -1.261550000000000011e+02
3.372869999999999777e+02 -1.262150000000000034e+02
3.326600000000000250e+02 -1.262750000000000057e+02
3.280950000000000273e+02 -1.263349999999999937e+02
3.235939999999999941e+02 -1.263949999999999960e+02
3.191539999999999964e+02 -1.264549999999999983e+02
3.147749999999999773e+02 -1.265150000000000006e+02
3.104560000000000173e+02 -1.265750000000000028e+02
3.061960000000000264e+02 -1.266350000000000051e+02
3.019950000000000045e+02 -1.266949999999999932e+02
2.978519999999999754e+02 -1.267549999999999955e+02
2.937649999999999864e+02 -1.268149999999999977e+02
2.897339999999999804e+02 -1.268750000000000000e+02
2.857590000000000146e+02 -1.269350000000000023e+02
2.818380000000000223e+02 -1.269950000000000045e+02
2.779710000000000036e+02 -1.270559999999999974e+02
2.741569999999999823e+02 -1.271159999999999997e+02
2.703960000000000150e+02 -1.271760000000000019e+02
2.666859999999999786e+02 -1.272360000000000042e+02
2.630269999999999868e+02 -1.272960000000000065e+02
2.594180000000000064e+02 -1.273559999999999945e+02
2.558590000000000089e+02 -1.274159999999999968e+02
2.523480000000000132e+02 -1.274759999999999991e+02
2.488859999999999957e+02 -1.275360000000000014e+02
2.454710000000000036e+02 -1.275960000000000036e+02
2.421030000000000086e+02 -1.276560000000000059e+02
2.387810000000000059e+02 -1.277159999999999940e+02
2.355049999999999955e+02 -1.277759999999999962e+02
2.322740000000000009e+02 -1.278359999999999985e+02
2.290869999999999891e+02 -1.278960000000000008e+02
2.259439999999999884e+02 -1.279560000000000031e+02
2.228439999999999941e+02 -1.280169999999999959e+02
2.197860000000000014e+02 -1.280769999999999982e+02
2.167700000000000102e+02 -1.281370000000000005e+02
2.137959999999999923e+02 -1.281970000000000027e+02
2.108629999999999995e+02 -1.282570000000000050e+02
2.079699999999999989e+02 -1.283170000000000073e+02
2.051160000000000139e+02 -1.283770000000000095e+02
2.023019999999999925e+02 -1.284370000000000118e+02
1.995260000000000105e+02 -1.284970000000000141e+02
1.967889999999999873e+02 -1.285569999999999879e+02
1.940889999999999986e+02 -1.286169999999999902e+02
1.914259999999999877e+02 -1.286769999999999925e+02
1.887990000000000066e+02 -1.287369999999999948e+02
1.862090000000000032e+02 -1.287969999999999970e+02
1.836539999999999964e+02 -1.288569999999999993e+02
1.811339999999999861e+02 -1.289170000000000016e+02
1.786490000000000009e+02 -1.289770000000000039e+02
1.761980000000000075e+02 -1.290380000000000109e+02
1.737800000000000011e+02 -1.290980000000000132e+02
1.713959999999999866e+02 -1.291579999999999870e+02
1.690440000000000111e+02 -1.292179999999999893e+02
1.667249999999999943e+02 -1.292779999999999916e+02
1.644370000000000118e+02 -1.293379999999999939e+02
1.621810000000000116e+02 -1.293979999999999961e+02
1.599559999999999889e+02 -1.294579999999999984e+02
1.577609999999999957e+02 -1.295180000000000007e+02
1.555970000000000084e+02 -1.295780000000000030e+02
1.534619999999999891e+02 -1.296380000000000052e+02
1.513559999999999945e+02 -1.296980000000000075e+02
1.492789999999999964e+02 -1.297580000000000098e+02
1.472309999999999945e+02 -1.298180000000000121e+02
1.452110000000000127e+02 -1.298779999999999859e+02
1.432189999999999941e+02 -1.299379999999999882e+02
1.412539999999999907e+02 -1.299989999999999952e+02
1.393160000000000025e+02 -1.300589999999999975e+02
1.374039999999999964e+02 -1.301189999999999998e+02
1.355190000000000055e+02 -1.301790000000000020e+02
1.336599999999999966e+02 -1.302390000000000043e+02
1.318259999999999934e+02 -1.302990000000000066e+02
1.300169999999999959e+02 -1.303590000000000089e+02
1.282330000000000041e+02 -1.304190000000000111e+02
1.264740000000000038e+02 -1.304790000000000134e+02
1.247379999999999995e+02 -1.305389999999999873e+02
1.230270000000000010e+02 -1.305989999999999895e+02
1.213389999999999986e+02 -1.306589999999999918e+02
1.196740000000000066e+02 -1.307189999999999941e+02
1.180319999999999965e+02 -1.307789999999999964e+02
1.164129999999999967e+02 -1.308389999999999986e+02
1.148149999999999977e+02 -1.308990000000000009e+02
1.132399999999999949e+02 -1.309590000000000032e+02
1.116860000000000070e+02 -1.310200000000000102e+02
1.101539999999999964e+02 -1.310800000000000125e+02
1.086430000000000007e+02 -1.311399999999999864e+02
1.071520000000000010e+02 -1.311999999999999886e+02
1.056820000000000022e+02 -1.312599999999999909e+02
1.042317000000000036e+02 -1.313199999999999932e+02
1.028016999999999967e+02 -1.313799999999999955e+02
1.013911999999999978e+02 -1.314399999999999977e+02
1.000000000000000000e+02 -1.315000000000000000e+02
9.862789999999999679e+01 -1.315600000000000023e+02
9.727469999999999573e+01 -1.316200000000000045e+02
9.593999999999999773e+01 -1.316800000000000068e+02
9.462369999999999948e+01 -1.317400000000000091e+02
9.332540000000000191e+01 -1.318000000000000114e+02
9.204500000000000171e+01 -1.318600000000000136e+02
9.078199999999999648e+01 -1.319199999999999875e+02
8.953650000000000375e+01 -1.319799999999999898e+02
8.830800000000000693e+01 -1.320409999999999968e+02
8.709640000000000271e+01 -1.321009999999999991e+02
8.590139999999999532e+01 -1.321610000000000014e+02
8.472270000000000323e+01 -1.322210000000000036e+02
8.356029999999999802e+01 -1.322810000000000059e+02
8.241379999999999484e+01 -1.323410000000000082e+02
8.128310000000000457e+01 -1.324010000000000105e+02
8.016779999999999973e+01 -1.324610000000000127e+02
7.906789999999999452e+01 -1.325209999999999866e+02
7.798300000000000409e+01 -1.325809999999999889e+02
7.691299999999999670e+01 -1.326409999999999911e+02
7.585769999999999413e+01 -1.327009999999999934e+02
7.481699999999999307e+01 -1.327609999999999957e+02
7.379040000000000532e+01 -1.328209999999999980e+02
7.277800000000000580e+01 -1.328810000000000002e+02
7.177939999999999543e+01 -1.329410000000000025e+02
7.079460000000000264e+01 -1.330020000000000095e+02
6.982319999999999993e+01 -1.330620000000000118e+02
6.886520000000000152e+01 -1.331220000000000141e+02
6.792040000000000077e+01 -1.331819999999999879e+02
6.698850000000000193e+01 -1.332419999999999902e+02
6.606929999999999836e+01 -1.333019999999999925e+02
6.516280000000000427e+01 -1.333619999999999948e+02
6.426879999999999882e+01 -1.334219999999999970e+02
6.338700000000000045e+01 -1.334819999999999993e+02
6.251729999999999876e+01 -1.335420000000000016e+02
6.165950000000000131e+01 -1.336020000000000039e+02
6.081349999999999767e+01 -1.336620000000000061e+02
5.997910000000000252e+01 -1.337220000000000084e+02
5.915619999999999834e+01 -1.337820000000000107e+02
5.834449999999999648e+01 -1.338420000000000130e+02
5.754399999999999693e+01 -1.339019999999999868e+02
5.675450000000000017e+01 -1.339619999999999891e+02
5.597570000000000334e+01 -1.340229999999999961e+02
5.520770000000000266e+01 -1.340829999999999984e+02
5.445029999999999859e+01 -1.341430000000000007e+02
5.370320000000000249e+01 -1.342030000000000030e+02
5.296629999999999683e+01 -1.342630000000000052e+02
5.223960000000000292e+01 -1.343230000000000075e+02
5.152289999999999992e+01 -1.343830000000000098e+02
5.081600000000000250e+01 -1.344430000000000121e+02
5.011869999999999692e+01 -1.345029999999999859e+02
4.943110000000000070e+01 -1.345629999999999882e+02
4.875280000000000058e+01 -1.346229999999999905e+02
4.808389999999999986e+01 -1.346829999999999927e+02
4.742419999999999902e+01 -1.347429999999999950e+02
4.677349999999999852e+01 -1.348029999999999973e+02
4.613179999999999836e+01 -1.348629999999999995e+02
4.549880000000000280e+01 -1.349230000000000018e+02
4.487449999999999761e+01 -1.349830000000000041e+02
4.425880000000000081e+01 -1.350440000000000111e+02
4.365160000000000196e+01 -1.351040000000000134e+02
4.305270000000000152e+01 -1.351639999999999873e+02
4.246200000000000330e+01 -1.352239999999999895e+02
4.187939999999999685e+01 -1.352839999999999918e+02
4.130469999999999686e+01 -1.353439999999999941e+02
4.073799999999999955e+01 -1.354039999999999964e+02
4.017909999999999826e+01 -1.354639999999999986e+02
3.962780000000000058e+01 -1.355240000000000009e+02
3.908409999999999940e+01 -1.355840000000000032e+02
3.854780000000000229e+01 -1.356440000000000055e+02
3.801890000000000214e+01 -1.357040000000000077e+02
3.749730000000000274e+01 -1.357640000000000100e+02
3.698279999999999745e+01 -1.358240000000000123e+02
3.647540000000000049e+01 -1.358839999999999861e+02
3.597489999999999810e+01 -1.359439999999999884e+02
3.548129999999999740e+01 -1.360049999999999955e+02
3.499450000000000216e+01 -1.360649999999999977e+02
3.451440000000000197e+01 -1.361250000000000000e+02
3.404079999999999728e+01 -1.361850000000000023e+02
3.357379999999999853e+01 -1.362450000000000045e+02
3.311310000000000286e+01 -1.363050000000000068e+02
3.265879999999999939e+01 -1.363650000000000091e+02
3.221070000000000277e+01 -1.364250000000000114e+02
3.176869999999999905e+01 -1.364850000000000136e+02
3.133289999999999864e+01 -1.365449999999999875e+02
3.090299999999999869e+01 -1.366049999999999898e+02
3.047889999999999944e+01 -1.366649999999999920e+02
3.006080000000000041e+01 -1.367249999999999943e+02
2.964829999999999899e+01 -1.367849999999999966e+02
2.924149999999999849e+01 -1.368449999999999989e+02
2.884029999999999916e+01 -1.369050000000000011e+02
2.844460000000000122e+01 -1.369650000000000034e+02
2.805430000000000135e+01 -1.370260000000000105e+02
2.766939999999999955e+01 -1.370860000000000127e+02
2.728979999999999961e+01 -1.371459999999999866e+02
2.691540000000000177e+01 -1.372059999999999889e+02
2.654609999999999914e+01 -1.372659999999999911e+02
2.618179999999999907e+01 -1.373259999999999934e+02
2.582260000000000133e+01 -1.373859999999999957e+02
2.546829999999999927e+01 -1.374459999999999980e+02
2.511890000000000001e+01 -1.375060000000000002e+02
2.477420000000000044e+01 -1.375660000000000025e+02
2.443430000000000035e+01 -1.376260000000000048e+02
2.409909999999999997e+01 -1.376860000000000070e+02
2.376839999999999975e+01 -1.377460000000000093e+02
2.344229999999999947e+01 -1.378060000000000116e+02
2.312069999999999936e+01 -1.378660000000000139e+02
2.280339999999999989e+01 -1.379259999999999877e+02
2.249050000000000082e+01 -1.379859999999999900e+02
2.218199999999999861e+01 -1.380469999999999970e+02
2.187760000000000105e+01 -1.381069999999999993e+02
2.157740000000000080e+01 -1.381670000000000016e+02
2.128140000000000143e+01 -1.382270000000000039e+02
2.098939999999999984e+01 -1.382870000000000061e+02
2.070139999999999958e+01 -1.383470000000000084e+02
2.041740000000000066e+01 -1.384070000000000107e+02
2.013719999999999999e+01 -1.384670000000000130e+02
1.986090000000000089e+01 -1.380080000000000098e+02
1.958840000000000003e+01 -1.370300000000000011e+02
1.931970000000000098e+01 -1.360519999999999925e+02
1.905460000000000065e+01 -1.350740000000000123e+02
1.879319999999999879e+01 -1.340960000000000036e+02
1.853529999999999944e+01 -1.331189999999999998e+02
1.828099999999999881e+01 -1.321409999999999911e+02
1.803020000000000067e+01 -1.311630000000000109e+02
1.778280000000000172e+01 -1.301850000000000023e+02
1.753879999999999839e+01 -1.292069999999999936e+02
1.729820000000000135e+01 -1.282290000000000134e+02
1.706080000000000041e+01 -1.272510000000000048e+02
1.682669999999999888e+01 -1.262729999999999961e+02
1.659590000000000032e+01 -1.252960000000000065e+02
1.636820000000000164e+01 -1.243179999999999978e+02
1.614359999999999928e+01 -1.233400000000000034e+02
1.592210000000000036e+01 -1.223619999999999948e+02
1.570359999999999978e+01 -1.213840000000000003e+02
1.548820000000000086e+01 -1.204060000000000059e+02
1.527570000000000050e+01 -1.199150000000000063e+02
1.506610000000000049e+01 -1.197810000000000059e+02
1.485940000000000083e+01 -1.196460000000000008e+02
1.465549999999999997e+01 -1.195120000000000005e+02
1.445439999999999969e+01 -1.193769999999999953e+02
1.425609999999999999e+01 -1.192429999999999950e+02
1.406049999999999933e+01 -1.191080000000000041e+02
1.386759999999999948e+01 -1.189740000000000038e+02
1.367730000000000068e+01 -1.188389999999999986e+02
1.348959999999999937e+01 -1.187049999999999983e+02
1.330450000000000088e+01 -1.185699999999999932e+02
1.312199999999999989e+01 -1.184360000000000070e+02
1.294200000000000017e+01 -1.183010000000000019e+02
1.276440000000000019e+01 -1.181670000000000016e+02
1.258929999999999971e+01 -1.180319999999999965e+02
1.241649999999999920e+01 -1.178970000000000056e+02
1.224619999999999997e+01 -1.177630000000000052e+02
1.207809999999999917e+01 -1.176280000000000001e+02
1.191239999999999988e+01 -1.174939999999999998e+02
1.174900000000000055e+01 -1.173589999999999947e+02
1.158779999999999966e+01 -1.172249999999999943e+02
1.142880000000000074e+01 -1.170900000000000034e+02
1.127200000000000024e+01 -1.169560000000000031e+02
1.111730000000000018e+01 -1.168209999999999980e+02
1.096480000000000032e+01 -1.166869999999999976e+02
1.081429999999999936e+01 -1.165520000000000067e+02
1.066600000000000037e+01 -1.164180000000000064e+02
1.051961999999999975e+01 -1.162830000000000013e+02
1.037528999999999968e+01 -1.161490000000000009e+02
1.023292999999999964e+01 -1.160139999999999958e+02
1.009253000000000000e+01 -1.158799999999999955e+02
9.954060000000000130e+00 -1.157450000000000045e+02
9.817479999999999762e+00 -1.156110000000000042e+02
9.682779999999999276e+00 -1.154759999999999991e+02
9.549929999999999808e+00 -1.153419999999999987e+02
9.418900000000000716e+00 -1.152069999999999936e+02
9.289659999999999584e+00 -1.150729999999999933e+02
9.162200000000000344e+00 -1.149380000000000024e+02
9.036490000000000578e+00 -1.148040000000000020e+02
8.912509999999999266e+00 -1.146689999999999969e+02
8.790219999999999700e+00 -1.145340000000000060e+02
8.669620000000000104e+00 -1.144000000000000057e+02
8.550670000000000215e+00 -1.142650000000000006e+02
8.433350000000000790e+00 -1.141310000000000002e+02
8.317640000000000811e+00 -1.139959999999999951e+02
8.203519999999999257e+00 -1.138619999999999948e+02
8.090960000000000818e+00 -1.137270000000000039e+02
7.979949999999999655e+00 -1.135930000000000035e+02
7.870459999999999567e+00 -1.132930000000000064e+02
7.762470000000000425e+00 -1.125300000000000011e+02
7.655960000000000321e+00 -1.117669999999999959e+02
7.550919999999999632e+00 -1.110040000000000049e+02
7.447320000000000384e+00 -1.102409999999999997e+02
7.345139999999999780e+00 -1.094779999999999944e+02
7.244360000000000355e+00 -1.087150000000000034e+02
7.144960000000000200e+00 -1.079519999999999982e+02
7.046929999999999694e+00 -1.071889999999999930e+02
6.950239999999999974e+00 -1.064260000000000019e+02
6.854879999999999640e+00 -1.056620000000000061e+02
6.760830000000000339e+00 -1.048994000000000000e+02
6.668070000000000164e+00 -1.041363000000000056e+02
6.576579999999999870e+00 -1.033731999999999971e+02
6.486340000000000217e+00 -1.026101000000000028e+02
6.397350000000000314e+00 -1.018469999999999942e+02
6.309580000000000410e+00 -1.010840000000000032e+02
6.222999999999999865e+00 -1.008222999999999985e+02
6.137620000000000076e+00 -1.006246000000000009e+02
6.053410000000000402e+00 -1.004269000000000034e+02
5.970349999999999824e+00 -1.002292000000000058e+02
5.888440000000000119e+00 -1.000314999999999941e+02
5.807640000000000136e+00 -9.983379999999999654e+01
5.727960000000000385e+00 -9.963609999999999900e+01
5.649370000000000225e+00 -9.943840000000000146e+01
5.571860000000000035e+00 -9.924070000000000391e+01
5.495409999999999684e+00 -9.904300000000000637e+01
5.420010000000000439e+00 -9.884529999999999461e+01
5.345650000000000013e+00 -9.864759999999999707e+01
5.272300000000000431e+00 -9.844989999999999952e+01
5.199959999999999916e+00 -9.825220000000000198e+01
5.128610000000000113e+00 -9.805450000000000443e+01
5.058250000000000135e+00 -9.785680000000000689e+01
4.988839999999999719e+00 -9.765909999999999513e+01
4.920390000000000263e+00 -9.746139999999999759e+01
4.852879999999999860e+00 -9.726370000000000005e+01
4.786299999999999777e+00 -9.706600000000000250e+01
4.720629999999999882e+00 -9.686830000000000496e+01
4.655859999999999665e+00 -9.667059999999999320e+01
4.591980000000000395e+00 -9.651099999999999568e+01
4.528979999999999784e+00 -9.661950000000000216e+01
4.466840000000000366e+00 -9.672799999999999443e+01
4.405549999999999855e+00 -9.683650000000000091e+01
4.345100000000000406e+00 -9.694499999999999318e+01
4.285479999999999734e+00 -9.705339999999999634e+01
4.226689999999999614e+00 -9.716190000000000282e+01
4.168689999999999785e+00 -9.727039999999999509e+01
4.111500000000000377e+00 -9.737890000000000157e+01
4.055080000000000240e+00 -9.748739999999999384e+01
3.999449999999999950e+00 -9.759579999999999700e+01
3.944570000000000132e+00 -9.770430000000000348e+01
3.890449999999999964e+00 -9.781279999999999575e+01
3.837070000000000203e+00 -9.792130000000000223e+01
3.784429999999999961e+00 -9.805920000000000414e+01
3.732499999999999929e+00 -9.825430000000000064e+01
3.681290000000000173e+00 -9.844929999999999382e+01
3.630780000000000118e+00 -9.864440000000000452e+01
3.580960000000000143e+00 -9.883950000000000102e+01
3.531829999999999803e+00 -9.903449999999999420e+01
3.483369999999999855e+00 -9.922960000000000491e+01
3.435579999999999856e+00 -9.942459999999999809e+01
3.388440000000000119e+00 -9.961969999999999459e+01
3.341950000000000198e+00 -9.981480000000000530e+01
3.296100000000000030e+00 -1.000097999999999985e+02
3.250869999999999926e+00 -1.002048999999999950e+02
3.206269999999999953e+00 -1.003999000000000024e+02
3.162279999999999980e+00 -1.005949999999999989e+02
3.118889999999999940e+00 -1.007900999999999954e+02
3.076099999999999834e+00 -1.009851000000000028e+02
3.033889999999999976e+00 -1.011801999999999992e+02
2.992259999999999920e+00 -1.013752000000000066e+02
2.951210000000000111e+00 -1.015703000000000031e+02
2.910719999999999974e+00 -1.017653999999999996e+02
2.870779999999999887e+00 -1.019604000000000070e+02
2.831389999999999851e+00 -1.021555000000000035e+02
2.792539999999999800e+00 -1.023504999999999967e+02
2.754230000000000178e+00 -1.025455999999999932e+02
2.716439999999999966e+00 -1.027407000000000039e+02
2.679170000000000051e+00 -1.029356999999999971e+02
2.642409999999999926e+00 -1.031307999999999936e+02
2.606149999999999967e+00 -1.033258000000000010e+02
2.570390000000000175e+00 -1.035208999999999975e+02
2.535130000000000106e+00 -1.037159999999999940e+02
2.500340000000000007e+00 -1.039110000000000014e+02
2.466040000000000010e+00 -1.041060999999999979e+02
2.432199999999999918e+00 -1.043011000000000053e+02
2.398829999999999796e+00 -1.044962000000000018e+02
2.365920000000000023e+00 -1.046912999999999982e+02
2.333460000000000090e+00 -1.048863000000000056e+02
2.301439999999999930e+00 -1.050814000000000021e+02
2.269859999999999989e+00 -1.052759999999999962e+02
2.238719999999999821e+00 -1.054719999999999942e+02
2.208000000000000185e+00 -1.056670000000000016e+02
2.177709999999999813e+00 -1.058619999999999948e+02
2.147829999999999906e+00 -1.060570000000000022e+02
2.118360000000000021e+00 -1.062519999999999953e+02
2.089300000000000157e+00 -1.064470000000000027e+02
2.060630000000000184e+00 -1.066419999999999959e+02
2.032360000000000166e+00 -1.068370000000000033e+02
2.004469999999999974e+00 -1.070319999999999965e+02
1.976969999999999894e+00 -1.072270000000000039e+02
1.949840000000000018e+00 -1.074219999999999970e+02
1.923089999999999966e+00 -1.076170000000000044e+02
1.896709999999999896e+00 -1.078119999999999976e+02
1.870679999999999898e+00 -1.080070000000000050e+02
1.845010000000000039e+00 -1.082019999999999982e+02
1.819700000000000095e+00 -1.083970000000000056e+02
1.794729999999999936e+00 -1.085919999999999987e+02
1.770110000000000072e+00 -1.087879999999999967e+02
1.745819999999999927e+00 -1.089830000000000041e+02
1.721870000000000012e+00 -1.091779999999999973e+02
1.698239999999999972e+00 -1.093730000000000047e+02
1.674940000000000095e+00 -1.095679999999999978e+02
1.651960000000000095e+00 -1.097630000000000052e+02
1.629299999999999971e+00 -1.099579999999999984e+02
1.606940000000000035e+00 -1.101530000000000058e+02
1.584889999999999910e+00 -1.103479999999999990e+02
1.563150000000000039e+00 -1.105430000000000064e+02
1.541700000000000070e+00 -1.107379999999999995e+02
1.520550000000000068e+00 -1.109330000000000069e+02
1.499689999999999968e+00 -1.111280000000000001e+02
1.479109999999999925e+00 -1.113229999999999933e+02
1.458809999999999940e+00 -1.115180000000000007e+02
1.438800000000000079e+00 -1.117129999999999939e+02
1.419059999999999988e+00 -1.119080000000000013e+02
1.399589999999999890e+00 -1.121039999999999992e+02
1.380379999999999940e+00 -1.122990000000000066e+02
1.361439999999999984e+00 -1.124939999999999998e+02
1.342759999999999954e+00 -1.126889999999999930e+02
1.324340000000000073e+00 -1.128840000000000003e+02
1.306170000000000053e+00 -1.130789999999999935e+02
1.288249999999999895e+00 -1.132740000000000009e+02
1.270569999999999977e+00 -1.134689999999999941e+02
1.253139999999999921e+00 -1.136640000000000015e+02
1.235950000000000104e+00 -1.138589999999999947e+02
1.218990000000000018e+00 -1.140540000000000020e+02
1.202260000000000106e+00 -1.142489999999999952e+02
1.185769999999999991e+00 -1.144440000000000026e+02
1.169499999999999984e+00 -1.146389999999999958e+02
1.153450000000000086e+00 -1.148340000000000032e+02
1.137629999999999919e+00 -1.150289999999999964e+02
1.122020000000000017e+00 -1.152240000000000038e+02
1.106619999999999937e+00 -1.154200000000000017e+02
1.091439999999999966e+00 -1.156149999999999949e+02
1.076470000000000038e+00 -1.158100000000000023e+02
1.061700000000000088e+00 -1.160049999999999955e+02
1.047129999999999894e+00 -1.162000000000000028e+02
1.032759999999999900e+00 -1.163949999999999960e+02
1.018590000000000106e+00 -1.165900000000000034e+02
1.004620000000000068e+00 -1.167849999999999966e+02
9.908320000000000460e-01 -1.169800000000000040e+02
9.772370000000000223e-01 -1.171749999999999972e+02
9.638280000000000181e-01 -1.173700000000000045e+02
9.506050000000000333e-01 -1.175649999999999977e+02
9.375620000000000065e-01 -1.177600000000000051e+02
9.246980000000000199e-01 -1.179549999999999983e+02
9.120110000000000161e-01 -1.181500000000000057e+02
8.994980000000000198e-01 -1.183449999999999989e+02
8.871559999999999446e-01 -1.185409999999999968e+02
8.749839999999999840e-01 -1.187360000000000042e+02
8.629780000000000229e-01 -1.189309999999999974e+02
8.511379999999999502e-01 -1.191260000000000048e+02
8.394599999999999840e-01 -1.193209999999999980e+02
8.279419999999999558e-01 -1.195160000000000053e+02
8.165829999999999478e-01 -1.197109999999999985e+02
8.053789999999999560e-01 -1.199060000000000059e+02
7.943280000000000340e-01 -1.199230000000000018e+02
7.834299999999999597e-01 -1.197800000000000011e+02
7.726809999999999512e-01 -1.196370000000000005e+02
7.620789999999999509e-01 -1.194929999999999950e+02
7.516230000000000411e-01 -1.193499999999999943e+02
7.413100000000000245e-01 -1.192069999999999936e+02
7.311389999999999834e-01 -1.190639999999999930e+02
7.211070000000000535e-01 -1.189200000000000017e+02
7.112129999999999841e-01 -1.187770000000000010e+02
7.014550000000000507e-01 -1.186340000000000003e+02
6.918309999999999738e-01 -1.184909999999999997e+02
6.823390000000000288e-01 -1.183479999999999990e+02
6.729770000000000474e-01 -1.182039999999999935e+02
6.637429999999999719e-01 -1.180610000000000070e+02
6.546359999999999957e-01 -1.179180000000000064e+02
6.456539999999999502e-01 -1.177750000000000057e+02
6.367949999999999999e-01 -1.176310000000000002e+02
6.280580000000000052e-01 -1.174879999999999995e+02
6.194410000000000194e-01 -1.173449999999999989e+02
6.109419999999999851e-01 -1.172019999999999982e+02
6.025589999999999558e-01 -1.170589999999999975e+02
5.942920000000000424e-01 -1.169150000000000063e+02
5.861380000000000479e-01 -1.167720000000000056e+02
5.780960000000000543e-01 -1.166290000000000049e+02
5.701640000000000041e-01 -1.164860000000000042e+02
5.623409999999999798e-01 -1.163419999999999987e+02
5.546259999999999524e-01 -1.161989999999999981e+02
5.470159999999999467e-01 -1.160559999999999974e+02
5.395100000000000451e-01 -1.159129999999999967e+02
5.321080000000000254e-01 -1.157699999999999960e+02
5.248070000000000235e-01 -1.156260000000000048e+02
5.176070000000000393e-01 -1.154830000000000041e+02
5.105049999999999866e-01 -1.153400000000000034e+02
5.035009999999999764e-01 -1.151970000000000027e+02
4.965919999999999779e-01 -1.150540000000000020e+02
4.897790000000000199e-01 -1.149099999999999966e+02
4.830590000000000162e-01 -1.147669999999999959e+02
4.764309999999999934e-01 -1.146239999999999952e+02
4.698939999999999784e-01 -1.144809999999999945e+02
4.634469999999999978e-01 -1.143370000000000033e+02
4.570879999999999943e-01 -1.141940000000000026e+02
4.508170000000000233e-01 -1.140510000000000019e+02
4.446309999999999985e-01 -1.139080000000000013e+02
4.385299999999999754e-01 -1.137650000000000006e+02
4.325140000000000096e-01 -1.136209999999999951e+02
4.265800000000000147e-01 -1.134779999999999944e+02
4.207270000000000176e-01 -1.133349999999999937e+02
4.149539999999999895e-01 -1.131919999999999931e+02
4.092609999999999859e-01 -1.130480000000000018e+02
4.036449999999999760e-01 -1.129050000000000011e+02
3.981069999999999887e-01 -1.127620000000000005e+02
3.926450000000000218e-01 -1.126189999999999998e+02
3.872570000000000179e-01 -1.124759999999999991e+02
3.819440000000000057e-01 -1.123319999999999936e+02
3.767039999999999833e-01 -1.121889999999999930e+02
3.715350000000000041e-01 -1.120460000000000065e+02
3.664379999999999860e-01 -1.119030000000000058e+02
3.614100000000000090e-01 -1.117590000000000003e+02
3.564510000000000178e-01 -1.116159999999999997e+02
3.515599999999999836e-01 -1.114729999999999990e+02
3.467370000000000174e-01 -1.113299999999999983e+02
3.419789999999999774e-01 -1.111869999999999976e+02
3.372870000000000035e-01 -1.110430000000000064e+02
3.326589999999999825e-01 -1.109000000000000057e+02
3.280950000000000255e-01 -1.107570000000000050e+02
3.235930000000000195e-01 -1.106140000000000043e+02
3.191539999999999933e-01 -1.104120000000000061e+02
3.147750000000000270e-01 -1.099290000000000020e+02
3.104560000000000097e-01 -1.094459999999999980e+02
3.061960000000000237e-01 -1.089629999999999939e+02
3.019950000000000134e-01 -1.084800000000000040e+02
2.978520000000000056e-01 -1.079969999999999999e+02
2.937649999999999983e-01 -1.075139999999999958e+02
2.897339999999999915e-01 -1.070310000000000059e+02
2.857589999999999852e-01 -1.065480000000000018e+02
2.818379999999999774e-01 -1.060649999999999977e+02
2.779710000000000236e-01 -1.055819999999999936e+02
2.741569999999999840e-01 -1.050990000000000038e+02
2.703960000000000252e-01 -1.046159999999999997e+02
2.666859999999999786e-01 -1.041329999999999956e+02
2.630270000000000108e-01 -1.036500000000000057e+02
2.594179999999999819e-01 -1.031670000000000016e+02
2.558590000000000031e-01 -1.026839999999999975e+02
2.523480000000000167e-01 -1.022009999999999934e+02
2.488859999999999961e-01 -1.017180000000000035e+02
2.454709999999999948e-01 -1.012349999999999994e+02
2.421030000000000126e-01 -1.007519999999999953e+02
2.387809999999999933e-01 -1.002690000000000055e+02
2.355049999999999921e-01 -9.978600000000000136e+01
2.322740000000000082e-01 -9.930299999999999727e+01
2.290870000000000128e-01 -9.881999999999999318e+01
2.259440000000000059e-01 -9.833700000000000330e+01
2.228439999999999865e-01 -9.785399999999999920e+01
2.197860000000000091e-01 -9.739270000000000493e+01
2.167699999999999905e-01 -9.728929999999999723e+01
2.137960000000000138e-01 -9.718590000000000373e+01
2.108629999999999949e-01 -9.708249999999999602e+01
2.079699999999999882e-01 -9.697910000000000252e+01
2.051159999999999928e-01 -9.687579999999999814e+01
2.023020000000000096e-01 -9.677240000000000464e+01
1.995260000000000089e-01 -9.666899999999999693e+01
1.967889999999999917e-01 -9.656560000000000343e+01
1.940890000000000115e-01 -9.646219999999999573e+01
1.914260000000000128e-01 -9.635890000000000555e+01
1.887989999999999946e-01 -9.625549999999999784e+01
1.862090000000000134e-01 -9.615210000000000434e+01
1.836540000000000117e-01 -9.604869999999999663e+01
1.811339999999999895e-01 -9.594530000000000314e+01
1.786490000000000022e-01 -9.584199999999999875e+01
1.761979999999999935e-01 -9.573860000000000525e+01
1.737799999999999900e-01 -9.563519999999999754e+01
1.713959999999999928e-01 -9.553180000000000405e+01
1.690439999999999998e-01 -9.542839999999999634e+01
1.667250000000000121e-01 -9.532510000000000616e+01
1.644369999999999998e-01 -9.522169999999999845e+01
1.621809999999999918e-01 -9.511830000000000496e+01
1.599559999999999871e-01 -9.501489999999999725e+01
1.577610000000000123e-01 -9.491150000000000375e+01
1.555970000000000131e-01 -9.480819999999999936e+01
1.534619999999999873e-01 -9.470480000000000587e+01
1.513559999999999905e-01 -9.460139999999999816e+01
1.492789999999999950e-01 -9.449800000000000466e+01
1.472310000000000008e-01 -9.439459999999999695e+01
1.452110000000000067e-01 -9.429130000000000678e+01
1.432190000000000130e-01 -9.418789999999999907e+01
1.412539999999999907e-01 -9.408450000000000557e+01
1.393159999999999954e-01 -9.398109999999999786e+01
1.374039999999999984e-01 -9.387770000000000437e+01
1.355190000000000006e-01 -9.377439999999999998e+01
1.336600000000000010e-01 -9.367100000000000648e+01
1.318259999999999987e-01 -9.356759999999999877e+01
1.300169999999999937e-01 -9.346420000000000528e+01
1.282330000000000136e-01 -9.336079999999999757e+01
1.264740000000000031e-01 -9.325749999999999318e+01
1.247380000000000017e-01 -9.315409999999999968e+01
1.230269999999999975e-01 -9.305070000000000618e+01
1.213390000000000024e-01 -9.294729999999999848e+01
1.196740000000000026e-01 -9.284390000000000498e+01
1.180319999999999980e-01 -9.274060000000000059e+01
1.164130000000000026e-01 -9.263720000000000709e+01
1.148150000000000004e-01 -9.253379999999999939e+01
1.132399999999999934e-01 -9.243040000000000589e+01
1.116859999999999936e-01 -9.232699999999999818e+01
1.101540000000000019e-01 -9.222369999999999379e+01
1.086430000000000035e-01 -9.212030000000000030e+01
1.071519999999999972e-01 -9.201690000000000680e+01
1.056819999999999982e-01 -9.191349999999999909e+01
1.042320000000000052e-01 -9.181019999999999470e+01
1.028020000000000045e-01 -9.170680000000000121e+01
1.013909999999999950e-01 -9.160339999999999350e+01
1.000000000000000056e-01 -9.150000000000000000e+01
