1.000000000000000000e+05 -1.031299999999999955e+02
9.862789999999999418e+04 -1.034224999999999994e+02
9.727469999999999709e+04 -1.037150000000000034e+02
9.594000000000000000e+04 -1.040074999999999932e+02
9.462369999999999709e+04 -1.042999999999999972e+02
9.332539999999999418e+04 -1.045925000000000011e+02
9.204500000000000000e+04 -1.048850000000000051e+02
9.078210000000000582e+04 -1.051774999999999949e+02
8.953650000000000000e+04 -1.054699999999999989e+02
8.830800000000000000e+04 -1.057620000000000005e+02
8.709639999999999418e+04 -1.060550000000000068e+02
8.590139999999999418e+04 -1.063479999999999990e+02
8.472269999999999709e+04 -1.066400000000000006e+02
8.356030000000000291e+04 -1.069330000000000069e+02
8.241380000000000291e+04 -1.072249999999999943e+02
8.128300000000000000e+04 -1.075180000000000007e+02
8.016780000000000291e+04 -1.078100000000000023e+02
7.906780000000000291e+04 -1.081029999999999944e+02
7.798300000000000000e+04 -1.083949999999999960e+02
7.691310000000000582e+04 -1.086880000000000024e+02
7.585780000000000291e+04 -1.089800000000000040e+02
7.481700000000000000e+04 -1.092729999999999961e+02
7.379039999999999418e+04 -1.095649999999999977e+02
7.277800000000000000e+04 -1.098569999999999993e+02
7.177939999999999418e+04 -1.101500000000000057e+02
7.079460000000000582e+04 -1.104429999999999978e+02
6.982319999999999709e+04 -1.107349999999999994e+02
6.886519999999999709e+04 -1.110280000000000058e+02
6.792030000000000291e+04 -1.113199999999999932e+02
6.698850000000000000e+04 -1.116119999999999948e+02
6.606939999999999418e+04 -1.119050000000000011e+02
6.516290000000000146e+04 -1.121970000000000027e+02
6.426880000000000291e+04 -1.124899999999999949e+02
6.338700000000000000e+04 -1.127830000000000013e+02
6.251730000000000291e+04 -1.130750000000000028e+02
6.165950000000000000e+04 -1.133679999999999950e+02
6.081350000000000000e+04 -1.136599999999999966e+02
5.997909999999999854e+04 -1.139530000000000030e+02
5.915609999999999854e+04 -1.142450000000000045e+02
5.834450000000000000e+04 -1.145379999999999967e+02
5.754400000000000000e+04 -1.148299999999999983e+02
5.675450000000000000e+04 -1.151219999999999999e+02
5.597580000000000291e+04 -1.154150000000000063e+02
5.520780000000000291e+04 -1.157079999999999984e+02
5.445030000000000291e+04 -1.160000000000000000e+02
5.370319999999999709e+04 -1.162930000000000064e+02
5.296630000000000291e+04 -1.165849999999999937e+02
5.223959999999999854e+04 -1.168780000000000001e+02
5.152290000000000146e+04 -1.171700000000000017e+02
5.081590000000000146e+04 -1.174629999999999939e+02
5.011869999999999709e+04 -1.177549999999999955e+02
4.943109999999999854e+04 -1.180469999999999970e+02
4.875290000000000146e+04 -1.183400000000000034e+02
4.808400000000000000e+04 -1.186320000000000050e+02
4.742419999999999709e+04 -1.189249999999999972e+02
4.677350000000000000e+04 -1.192169999999999987e+02
4.613180000000000291e+04 -1.195100000000000051e+02
4.549880000000000291e+04 -1.198029999999999973e+02
4.487450000000000000e+04 -1.200949999999999989e+02
4.425880000000000291e+04 -1.203880000000000052e+02
4.365159999999999854e+04 -1.206800000000000068e+02
4.305259999999999854e+04 -1.209729999999999990e+02
4.246190000000000146e+04 -1.212650000000000006e+02
4.187940000000000146e+04 -1.215570000000000022e+02
4.130480000000000291e+04 -1.218499999999999943e+02
4.073800000000000000e+04 -1.221430000000000007e+02
4.017909999999999854e+04 -1.224350000000000023e+02
3.962780000000000291e+04 -1.227279999999999944e+02
3.908409999999999854e+04 -1.230199999999999960e+02
3.854780000000000291e+04 -1.233119999999999976e+02
3.801890000000000146e+04 -1.236050000000000040e+02
3.749730000000000291e+04 -1.238979999999999961e+02
3.698280000000000291e+04 -1.241899999999999977e+02
3.647540000000000146e+04 -1.244830000000000041e+02
3.597490000000000146e+04 -1.247750000000000057e+02
3.548140000000000146e+04 -1.250669999999999931e+02
3.499450000000000000e+04 -1.253599999999999994e+02
3.451440000000000146e+04 -1.256520000000000010e+02
3.404080000000000291e+04 -1.259449999999999932e+02
3.357380000000000291e+04 -1.262379999999999995e+02
3.311309999999999854e+04 -1.265300000000000011e+02
3.265879999999999927e+04 -1.268229999999999933e+02
3.221070000000000073e+04 -1.271149999999999949e+02
3.176870000000000073e+04 -1.274080000000000013e+02
3.133279999999999927e+04 -1.277000000000000028e+02
3.090290000000000146e+04 -1.279929999999999950e+02
3.047900000000000000e+04 -1.282849999999999966e+02
3.006079999999999927e+04 -1.285769999999999982e+02
2.964829999999999927e+04 -1.288700000000000045e+02
2.924150000000000000e+04 -1.291630000000000109e+02
2.884029999999999927e+04 -1.294550000000000125e+02
2.844459999999999854e+04 -1.297470000000000141e+02
2.805429999999999927e+04 -1.300399999999999920e+02
2.766940000000000146e+04 -1.303329999999999984e+02
2.728979999999999927e+04 -1.306250000000000000e+02
2.691529999999999927e+04 -1.309180000000000064e+02
2.654600000000000000e+04 -1.312100000000000080e+02
2.618179999999999927e+04 -1.315020000000000095e+02
2.582259999999999854e+04 -1.317949999999999875e+02
2.546829999999999927e+04 -1.320869999999999891e+02
2.511890000000000146e+04 -1.323799999999999955e+02
2.477420000000000073e+04 -1.326730000000000018e+02
2.443429999999999927e+04 -1.329650000000000034e+02
2.409909999999999854e+04 -1.332580000000000098e+02
2.376840000000000146e+04 -1.335500000000000114e+02
2.344229999999999927e+04 -1.338429999999999893e+02
2.312059999999999854e+04 -1.341349999999999909e+02
2.280340000000000146e+04 -1.344279999999999973e+02
2.249059999999999854e+04 -1.347199999999999989e+02
2.218200000000000000e+04 -1.350120000000000005e+02
2.187759999999999854e+04 -1.353050000000000068e+02
2.157740000000000146e+04 -1.355980000000000132e+02
2.128140000000000146e+04 -1.358899999999999864e+02
2.098940000000000146e+04 -1.361829999999999927e+02
2.070140000000000146e+04 -1.364749999999999943e+02
2.041740000000000146e+04 -1.367680000000000007e+02
2.013720000000000073e+04 -1.370600000000000023e+02
1.986090000000000146e+04 -1.373530000000000086e+02
1.958840000000000146e+04 -1.376450000000000102e+02
1.931970000000000073e+04 -1.379379999999999882e+02
1.905459999999999854e+04 -1.382299999999999898e+02
1.879320000000000073e+04 -1.385219999999999914e+02
1.853529999999999927e+04 -1.388149999999999977e+02
1.828100000000000000e+04 -1.391069999999999993e+02
1.803020000000000073e+04 -1.394000000000000057e+02
1.778279999999999927e+04 -1.396930000000000121e+02
1.753879999999999927e+04 -1.399850000000000136e+02
1.729820000000000073e+04 -1.402779999999999916e+02
1.706079999999999927e+04 -1.405699999999999932e+02
1.682670000000000073e+04 -1.408629999999999995e+02
1.659590000000000146e+04 -1.411550000000000011e+02
1.636820000000000073e+04 -1.414480000000000075e+02
1.614360000000000036e+04 -1.417400000000000091e+02
1.592210000000000036e+04 -1.420329999999999870e+02
1.570360000000000036e+04 -1.423249999999999886e+02
1.548820000000000073e+04 -1.426179999999999950e+02
1.527570000000000073e+04 -1.429099999999999966e+02
1.506610000000000036e+04 -1.432019999999999982e+02
1.485939999999999964e+04 -1.434950000000000045e+02
1.465550000000000000e+04 -1.437880000000000109e+02
1.445439999999999964e+04 -1.440800000000000125e+02
1.425610000000000036e+04 -1.443729999999999905e+02
1.406050000000000000e+04 -1.446649999999999920e+02
1.386760000000000036e+04 -1.449569999999999936e+02
1.367729999999999927e+04 -1.452500000000000000e+02
1.348960000000000036e+04 -1.455420000000000016e+02
1.330450000000000000e+04 -1.458350000000000080e+02
1.312200000000000000e+04 -1.461279999999999859e+02
1.294200000000000000e+04 -1.464199999999999875e+02
1.276439999999999964e+04 -1.467129999999999939e+02
1.258929999999999927e+04 -1.470049999999999955e+02
1.241650000000000000e+04 -1.472980000000000018e+02
1.224620000000000073e+04 -1.475900000000000034e+02
1.207810000000000036e+04 -1.478830000000000098e+02
1.191239999999999964e+04 -1.481750000000000114e+02
1.174900000000000000e+04 -1.484670000000000130e+02
1.158779999999999927e+04 -1.487599999999999909e+02
1.142879999999999927e+04 -1.490529999999999973e+02
1.127200000000000000e+04 -1.493449999999999989e+02
1.111729999999999927e+04 -1.496380000000000052e+02
1.096479999999999927e+04 -1.499300000000000068e+02
1.081429999999999927e+04 -1.502230000000000132e+02
1.066600000000000000e+04 -1.505149999999999864e+02
1.051961000000000058e+04 -1.508079999999999927e+02
1.037528000000000065e+04 -1.510999999999999943e+02
1.023294000000000051e+04 -1.513919999999999959e+02
1.009253000000000065e+04 -1.516850000000000023e+02
9.954059999999999491e+03 -1.519329999999999927e+02
9.817479999999999563e+03 -1.520929999999999893e+02
9.682780000000000655e+03 -1.522520000000000095e+02
9.549930000000000291e+03 -1.524120000000000061e+02
9.418899999999999636e+03 -1.525720000000000027e+02
9.289659999999999854e+03 -1.527309999999999945e+02
9.162200000000000728e+03 -1.528909999999999911e+02
9.036489999999999782e+03 -1.530500000000000114e+02
8.912510000000000218e+03 -1.532100000000000080e+02
8.790229999999999563e+03 -1.533700000000000045e+02
8.669620000000000800e+03 -1.535289999999999964e+02
8.550670000000000073e+03 -1.536889999999999930e+02
8.433350000000000364e+03 -1.538480000000000132e+02
8.317639999999999418e+03 -1.540080000000000098e+02
8.203520000000000437e+03 -1.541680000000000064e+02
8.090960000000000036e+03 -1.543269999999999982e+02
7.979949999999999818e+03 -1.544869999999999948e+02
7.870460000000000036e+03 -1.546459999999999866e+02
7.762470000000000255e+03 -1.548060000000000116e+02
7.655960000000000036e+03 -1.549660000000000082e+02
7.550920000000000073e+03 -1.551250000000000000e+02
7.447319999999999709e+03 -1.552849999999999966e+02
7.345140000000000327e+03 -1.554439999999999884e+02
7.244359999999999673e+03 -1.556040000000000134e+02
7.144960000000000036e+03 -1.557640000000000100e+02
7.046930000000000291e+03 -1.559230000000000018e+02
6.950239999999999782e+03 -1.560829999999999984e+02
6.854880000000000109e+03 -1.562419999999999902e+02
6.760829999999999927e+03 -1.564019999999999868e+02
6.668069999999999709e+03 -1.565620000000000118e+02
6.576579999999999927e+03 -1.567210000000000036e+02
6.486340000000000146e+03 -1.568810000000000002e+02
6.397350000000000364e+03 -1.570399999999999920e+02
6.309569999999999709e+03 -1.571999999999999886e+02
6.223010000000000218e+03 -1.573600000000000136e+02
6.137619999999999891e+03 -1.575190000000000055e+02
6.053409999999999854e+03 -1.576790000000000020e+02
5.970350000000000364e+03 -1.578379999999999939e+02
5.888439999999999600e+03 -1.579979999999999905e+02
5.807640000000000327e+03 -1.581579999999999870e+02
5.727960000000000036e+03 -1.583170000000000073e+02
5.649369999999999891e+03 -1.584770000000000039e+02
5.571850000000000364e+03 -1.586359999999999957e+02
5.495409999999999854e+03 -1.587959999999999923e+02
5.420010000000000218e+03 -1.589559999999999889e+02
5.345649999999999636e+03 -1.591150000000000091e+02
5.272300000000000182e+03 -1.592750000000000057e+02
5.199960000000000036e+03 -1.594339999999999975e+02
5.128609999999999673e+03 -1.595939999999999941e+02
5.058250000000000000e+03 -1.597539999999999907e+02
4.988840000000000146e+03 -1.599130000000000109e+02
4.920390000000000327e+03 -1.600730000000000075e+02
4.852880000000000109e+03 -1.602319999999999993e+02
4.786300000000000182e+03 -1.603919999999999959e+02
4.720630000000000109e+03 -1.605519999999999925e+02
4.655859999999999673e+03 -1.607110000000000127e+02
4.591979999999999563e+03 -1.608710000000000093e+02
4.528979999999999563e+03 -1.610300000000000011e+02
4.466840000000000146e+03 -1.611899999999999977e+02
4.405550000000000182e+03 -1.613499999999999943e+02
4.345100000000000364e+03 -1.615089999999999861e+02
4.285479999999999563e+03 -1.616690000000000111e+02
4.226689999999999600e+03 -1.618280000000000030e+02
4.168689999999999600e+03 -1.619879999999999995e+02
4.111500000000000000e+03 -1.621479999999999961e+02
4.055090000000000146e+03 -1.623069999999999879e+02
3.999449999999999818e+03 -1.624670000000000130e+02
3.944570000000000164e+03 -1.626260000000000048e+02
3.890449999999999818e+03 -1.627860000000000014e+02
3.837070000000000164e+03 -1.629459999999999980e+02
3.784429999999999836e+03 -1.631049999999999898e+02
3.732500000000000000e+03 -1.632649999999999864e+02
3.681289999999999964e+03 -1.634240000000000066e+02
3.630780000000000200e+03 -1.635840000000000032e+02
3.580960000000000036e+03 -1.637439999999999998e+02
3.531829999999999927e+03 -1.639029999999999916e+02
3.483369999999999891e+03 -1.640629999999999882e+02
3.435579999999999927e+03 -1.642220000000000084e+02
3.388440000000000055e+03 -1.643820000000000050e+02
3.341949999999999818e+03 -1.645420000000000016e+02
3.296099999999999909e+03 -1.647009999999999934e+02
3.250869999999999891e+03 -1.648609999999999900e+02
3.206269999999999982e+03 -1.650200000000000102e+02
3.162280000000000200e+03 -1.651800000000000068e+02
3.118889999999999873e+03 -1.653400000000000034e+02
3.076099999999999909e+03 -1.654989999999999952e+02
3.033889999999999873e+03 -1.656589999999999918e+02
2.992260000000000218e+03 -1.658180000000000121e+02
2.951210000000000036e+03 -1.659780000000000086e+02
2.910719999999999800e+03 -1.661380000000000052e+02
2.870780000000000200e+03 -1.662969999999999970e+02
2.831389999999999873e+03 -1.664569999999999936e+02
2.792539999999999964e+03 -1.666160000000000139e+02
2.754230000000000018e+03 -1.667760000000000105e+02
2.716440000000000055e+03 -1.669360000000000070e+02
2.679170000000000073e+03 -1.670949999999999989e+02
2.642409999999999854e+03 -1.672549999999999955e+02
2.606150000000000091e+03 -1.674139999999999873e+02
2.570389999999999873e+03 -1.675740000000000123e+02
2.535130000000000109e+03 -1.677340000000000089e+02
2.500349999999999909e+03 -1.678930000000000007e+02
2.466039999999999964e+03 -1.680529999999999973e+02
2.432199999999999818e+03 -1.682119999999999891e+02
2.398829999999999927e+03 -1.683720000000000141e+02
2.365920000000000073e+03 -1.685320000000000107e+02
2.333460000000000036e+03 -1.686910000000000025e+02
2.301440000000000055e+03 -1.688509999999999991e+02
2.269860000000000127e+03 -1.690099999999999909e+02
2.238719999999999800e+03 -1.691699999999999875e+02
2.208000000000000000e+03 -1.693300000000000125e+02
2.177710000000000036e+03 -1.694890000000000043e+02
2.147829999999999927e+03 -1.696490000000000009e+02
2.118360000000000127e+03 -1.698079999999999927e+02
2.089300000000000182e+03 -1.699679999999999893e+02
2.060630000000000109e+03 -1.701279999999999859e+02
2.032359999999999900e+03 -1.702870000000000061e+02
2.004470000000000027e+03 -1.704470000000000027e+02
1.976970000000000027e+03 -1.706059999999999945e+02
1.949839999999999918e+03 -1.707659999999999911e+02
1.923089999999999918e+03 -1.709259999999999877e+02
1.896710000000000036e+03 -1.710850000000000080e+02
1.870680000000000064e+03 -1.712450000000000045e+02
1.845019999999999982e+03 -1.714039999999999964e+02
1.819700000000000045e+03 -1.715639999999999930e+02
1.794730000000000018e+03 -1.717239999999999895e+02
1.770109999999999900e+03 -1.718830000000000098e+02
1.745819999999999936e+03 -1.720430000000000064e+02
1.721869999999999891e+03 -1.722019999999999982e+02
1.698240000000000009e+03 -1.723619999999999948e+02
1.674940000000000055e+03 -1.725219999999999914e+02
1.651960000000000036e+03 -1.726810000000000116e+02
1.629299999999999955e+03 -1.728410000000000082e+02
1.606940000000000055e+03 -1.730000000000000000e+02
1.584890000000000100e+03 -1.731599999999999966e+02
1.563150000000000091e+03 -1.733199999999999932e+02
1.541700000000000045e+03 -1.734790000000000134e+02
1.520549999999999955e+03 -1.736390000000000100e+02
1.499690000000000055e+03 -1.737980000000000018e+02
1.479109999999999900e+03 -1.739579999999999984e+02
1.458809999999999945e+03 -1.741179999999999950e+02
1.438799999999999955e+03 -1.742769999999999868e+02
1.419059999999999945e+03 -1.744370000000000118e+02
1.399589999999999918e+03 -1.745960000000000036e+02
1.380380000000000109e+03 -1.747560000000000002e+02
1.361440000000000055e+03 -1.749159999999999968e+02
1.342769999999999982e+03 -1.750749999999999886e+02
1.324339999999999918e+03 -1.752350000000000136e+02
1.306170000000000073e+03 -1.753940000000000055e+02
1.288250000000000000e+03 -1.755540000000000020e+02
1.270569999999999936e+03 -1.757139999999999986e+02
1.253140000000000100e+03 -1.758729999999999905e+02
1.235950000000000045e+03 -1.760329999999999870e+02
1.218990000000000009e+03 -1.761920000000000073e+02
1.202259999999999991e+03 -1.763520000000000039e+02
1.185769999999999982e+03 -1.765120000000000005e+02
1.169500000000000000e+03 -1.766709999999999923e+02
1.153450000000000045e+03 -1.768309999999999889e+02
1.137630000000000109e+03 -1.769900000000000091e+02
1.122019999999999982e+03 -1.771500000000000057e+02
1.106619999999999891e+03 -1.773100000000000023e+02
1.091440000000000055e+03 -1.774689999999999941e+02
1.076470000000000027e+03 -1.776289999999999907e+02
1.061700000000000045e+03 -1.777880000000000109e+02
1.047130000000000109e+03 -1.779480000000000075e+02
1.032759999999999991e+03 -1.781080000000000041e+02
1.018590000000000032e+03 -1.782669999999999959e+02
1.004615000000000009e+03 -1.784269999999999925e+02
9.908319999999999936e+02 -1.785860000000000127e+02
9.772369999999999663e+02 -1.787460000000000093e+02
9.638289999999999509e+02 -1.789060000000000059e+02
9.506050000000000182e+02 -1.790649999999999977e+02
9.375620000000000118e+02 -1.792249999999999943e+02
9.246979999999999791e+02 -1.793839999999999861e+02
9.120109999999999673e+02 -1.795440000000000111e+02
8.994980000000000473e+02 -1.797040000000000077e+02
8.871559999999999491e+02 -1.798629999999999995e+02
8.749840000000000373e+02 -1.800229999999999961e+02
8.629779999999999518e+02 -1.801819999999999879e+02
8.511380000000000337e+02 -1.803420000000000130e+02
8.394600000000000364e+02 -1.805020000000000095e+02
8.279420000000000073e+02 -1.806610000000000014e+02
8.165819999999999936e+02 -1.808209999999999980e+02
8.053780000000000427e+02 -1.809799999999999898e+02
7.943279999999999745e+02 -1.811399999999999864e+02
7.834299999999999500e+02 -1.813000000000000114e+02
7.726810000000000400e+02 -1.814590000000000032e+02
7.620789999999999509e+02 -1.816189999999999998e+02
7.516230000000000473e+02 -1.817779999999999916e+02
7.413099999999999454e+02 -1.819379999999999882e+02
7.311390000000000100e+02 -1.820980000000000132e+02
7.211079999999999472e+02 -1.822570000000000050e+02
7.112140000000000555e+02 -1.824170000000000016e+02
7.014550000000000409e+02 -1.825759999999999934e+02
6.918310000000000173e+02 -1.827359999999999900e+02
6.823390000000000555e+02 -1.828959999999999866e+02
6.729769999999999754e+02 -1.830550000000000068e+02
6.637430000000000518e+02 -1.832150000000000034e+02
6.546359999999999673e+02 -1.833739999999999952e+02
6.456539999999999964e+02 -1.835339999999999918e+02
6.367949999999999591e+02 -1.836939999999999884e+02
6.280579999999999927e+02 -1.838530000000000086e+02
6.194410000000000309e+02 -1.840130000000000052e+02
6.109420000000000073e+02 -1.841719999999999970e+02
6.025599999999999454e+02 -1.843319999999999936e+02
5.942920000000000300e+02 -1.844190000000000111e+02
5.861380000000000337e+02 -1.844910000000000139e+02
5.780960000000000036e+02 -1.845620000000000118e+02
5.701639999999999873e+02 -1.846339999999999861e+02
5.623410000000000082e+02 -1.847050000000000125e+02
5.546259999999999764e+02 -1.847760000000000105e+02
5.470159999999999627e+02 -1.848480000000000132e+02
5.395099999999999909e+02 -1.849190000000000111e+02
5.321079999999999472e+02 -1.849910000000000139e+02
5.248070000000000164e+02 -1.850620000000000118e+02
5.176069999999999709e+02 -1.851330000000000098e+02
5.105049999999999955e+02 -1.852050000000000125e+02
5.035000000000000000e+02 -1.852760000000000105e+02
4.965919999999999845e+02 -1.853480000000000132e+02
4.897789999999999964e+02 -1.854190000000000111e+02
4.830590000000000259e+02 -1.854900000000000091e+02
4.764309999999999832e+02 -1.855620000000000118e+02
4.698940000000000055e+02 -1.856330000000000098e+02
4.634470000000000027e+02 -1.857050000000000125e+02
4.570880000000000223e+02 -1.857760000000000105e+02
4.508170000000000073e+02 -1.858470000000000084e+02
4.446309999999999718e+02 -1.859190000000000111e+02
4.385310000000000059e+02 -1.859900000000000091e+02
4.325140000000000100e+02 -1.860620000000000118e+02
4.265790000000000077e+02 -1.861330000000000098e+02
4.207269999999999754e+02 -1.862040000000000077e+02
4.149540000000000077e+02 -1.862760000000000105e+02
4.092610000000000241e+02 -1.863470000000000084e+02
4.036449999999999818e+02 -1.864190000000000111e+02
3.981070000000000277e+02 -1.864900000000000091e+02
3.926449999999999818e+02 -1.865610000000000070e+02
3.872579999999999814e+02 -1.866330000000000098e+02
3.819440000000000168e+02 -1.867040000000000077e+02
3.767040000000000077e+02 -1.867760000000000105e+02
3.715350000000000250e+02 -1.868470000000000084e+02
3.664379999999999882e+02 -1.869180000000000064e+02
3.614100000000000250e+02 -1.869900000000000091e+02
3.564510000000000218e+02 -1.870610000000000070e+02
3.515600000000000023e+02 -1.871330000000000098e+02
3.467370000000000232e+02 -1.872040000000000077e+02
3.419789999999999850e+02 -1.872750000000000057e+02
3.372869999999999777e+02 -1.873470000000000084e+02
3.326600000000000250e+02 -1.874180000000000064e+02
3.280950000000000273e+02 -1.874900000000000091e+02
3.235939999999999941e+02 -1.874410000000000025e+02
3.191539999999999964e+02 -1.873950000000000102e+02
3.147749999999999773e+02 -1.873499999999999943e+02
3.104560000000000173e+02 -1.873040000000000020e+02
3.061960000000000264e+02 -1.872580000000000098e+02
3.019950000000000045e+02 -1.872129999999999939e+02
2.978519999999999754e+02 -1.871670000000000016e+02
2.937649999999999864e+02 -1.871210000000000093e+02
2.897339999999999804e+02 -1.870759999999999934e+02
2.857590000000000146e+02 -1.870300000000000011e+02
2.818380000000000223e+02 -1.869840000000000089e+02
2.779710000000000036e+02 -1.869389999999999930e+02
2.741569999999999823e+02 -1.868930000000000007e+02
2.703960000000000150e+02 -1.868480000000000132e+02
2.666859999999999786e+02 -1.868019999999999925e+02
2.630269999999999868e+02 -1.867560000000000002e+02
2.594180000000000064e+02 -1.867110000000000127e+02
2.558590000000000089e+02 -1.866649999999999920e+02
2.523480000000000132e+02 -1.866189999999999998e+02
2.488859999999999957e+02 -1.865740000000000123e+02
2.454710000000000036e+02 -1.865279999999999916e+02
2.421030000000000086e+02 -1.864819999999999993e+02
2.387810000000000059e+02 -1.864370000000000118e+02
2.355049999999999955e+02 -1.863909999999999911e+02
2.322740000000000009e+02 -1.863449999999999989e+02
2.290869999999999891e+02 -1.863000000000000114e+02
2.259439999999999884e+02 -1.862539999999999907e+02
2.228439999999999941e+02 -1.862079999999999984e+02
2.197860000000000014e+02 -1.861630000000000109e+02
2.167700000000000102e+02 -1.861169999999999902e+02
2.137959999999999923e+02 -1.860709999999999980e+02
2.108629999999999995e+02 -1.860260000000000105e+02
2.079699999999999989e+02 -1.859799999999999898e+02
2.051160000000000139e+02 -1.859339999999999975e+02
2.023019999999999925e+02 -1.858890000000000100e+02
1.995260000000000105e+02 -1.858429999999999893e+02
1.967889999999999873e+02 -1.857969999999999970e+02
1.940889999999999986e+02 -1.857520000000000095e+02
1.914259999999999877e+02 -1.857059999999999889e+02
1.887990000000000066e+02 -1.856599999999999966e+02
1.862090000000000032e+02 -1.856150000000000091e+02
1.836539999999999964e+02 -1.855689999999999884e+02
1.811339999999999861e+02 -1.855229999999999961e+02
1.786490000000000009e+02 -1.854780000000000086e+02
1.761980000000000075e+02 -1.854319999999999879e+02
1.737800000000000011e+02 -1.853859999999999957e+02
1.713959999999999866e+02 -1.853410000000000082e+02
1.690440000000000111e+02 -1.852949999999999875e+02
1.667249999999999943e+02 -1.852489999999999952e+02
1.644370000000000118e+02 -1.852040000000000077e+02
1.621810000000000116e+02 -1.851579999999999870e+02
1.599559999999999889e+02 -1.851119999999999948e+02
1.577609999999999957e+02 -1.850670000000000073e+02
1.555970000000000084e+02 -1.850209999999999866e+02
1.534619999999999891e+02 -1.850000000000000000e+02
1.513559999999999945e+02 -1.850000000000000000e+02
1.492789999999999964e+02 -1.850000000000000000e+02
1.472309999999999945e+02 -1.850000000000000000e+02
1.452110000000000127e+02 -1.850000000000000000e+02
1.432189999999999941e+02 -1.850000000000000000e+02
1.412539999999999907e+02 -1.850000000000000000e+02
1.393160000000000025e+02 -1.850000000000000000e+02
1.374039999999999964e+02 -1.850000000000000000e+02
1.355190000000000055e+02 -1.850000000000000000e+02
1.336599999999999966e+02 -1.850000000000000000e+02
1.318259999999999934e+02 -1.850000000000000000e+02
1.300169999999999959e+02 -1.850000000000000000e+02
1.282330000000000041e+02 -1.850000000000000000e+02
1.264740000000000038e+02 -1.850000000000000000e+02
1.247379999999999995e+02 -1.850000000000000000e+02
1.230270000000000010e+02 -1.850000000000000000e+02
1.213389999999999986e+02 -1.850000000000000000e+02
1.196740000000000066e+02 -1.850000000000000000e+02
1.180319999999999965e+02 -1.850000000000000000e+02
1.164129999999999967e+02 -1.850000000000000000e+02
1.148149999999999977e+02 -1.850000000000000000e+02
1.132399999999999949e+02 -1.850000000000000000e+02
1.116860000000000070e+02 -1.850000000000000000e+02
1.101539999999999964e+02 -1.850000000000000000e+02
1.086430000000000007e+02 -1.850000000000000000e+02
1.071520000000000010e+02 -1.850000000000000000e+02
1.056820000000000022e+02 -1.850000000000000000e+02
1.042317000000000036e+02 -1.850000000000000000e+02
1.028016999999999967e+02 -1.850000000000000000e+02
1.013911999999999978e+02 -1.850000000000000000e+02
1.000000000000000000e+02 -1.850699999999999932e+02
9.862789999999999679e+01 -1.851639999999999873e+02
9.727469999999999573e+01 -1.852580000000000098e+02
9.593999999999999773e+01 -1.853530000000000086e+02
9.462369999999999948e+01 -1.854470000000000027e+02
9.332540000000000191e+01 -1.855409999999999968e+02
9.204500000000000171e+01 -1.856349999999999909e+02
9.078199999999999648e+01 -1.857290000000000134e+02
8.953650000000000375e+01 -1.858240000000000123e+02
8.830800000000000693e+01 -1.859180000000000064e+02
8.709640000000000271e+01 -1.860120000000000005e+02
8.590139999999999532e+01 -1.861059999999999945e+02
8.472270000000000323e+01 -1.861999999999999886e+02
8.356029999999999802e+01 -1.862949999999999875e+02
8.241379999999999484e+01 -1.863890000000000100e+02
8.128310000000000457e+01 -1.864830000000000041e+02
8.016779999999999973e+01 -1.865769999999999982e+02
7.906789999999999452e+01 -1.866709999999999923e+02
7.798300000000000409e+01 -1.867659999999999911e+02
7.691299999999999670e+01 -1.868600000000000136e+02
7.585769999999999413e+01 -1.869540000000000077e+02
7.481699999999999307e+01 -1.870480000000000018e+02
7.379040000000000532e+01 -1.871419999999999959e+02
7.277800000000000580e+01 -1.872369999999999948e+02
7.177939999999999543e+01 -1.873309999999999889e+02
7.079460000000000264e+01 -1.874250000000000114e+02
6.982319999999999993e+01 -1.875000000000000000e+02
6.886520000000000152e+01 -1.875000000000000000e+02
6.792040000000000077e+01 -1.875000000000000000e+02
6.698850000000000193e+01 -1.875000000000000000e+02
6.606929999999999836e+01 -1.875000000000000000e+02
6.516280000000000427e+01 -1.875000000000000000e+02
6.426879999999999882e+01 -1.875000000000000000e+02
6.338700000000000045e+01 -1.875000000000000000e+02
6.251729999999999876e+01 -1.875000000000000000e+02
6.165950000000000131e+01 -1.875000000000000000e+02
6.081349999999999767e+01 -1.875000000000000000e+02
5.997910000000000252e+01 -1.875000000000000000e+02
5.915619999999999834e+01 -1.875000000000000000e+02
5.834449999999999648e+01 -1.875000000000000000e+02
5.754399999999999693e+01 -1.875000000000000000e+02
5.675450000000000017e+01 -1.875000000000000000e+02
5.597570000000000334e+01 -1.875000000000000000e+02
5.520770000000000266e+01 -1.875000000000000000e+02
5.445029999999999859e+01 -1.875000000000000000e+02
5.370320000000000249e+01 -1.875000000000000000e+02
5.296629999999999683e+01 -1.875000000000000000e+02
5.223960000000000292e+01 -1.875000000000000000e+02
5.152289999999999992e+01 -1.875000000000000000e+02
5.081600000000000250e+01 -1.875000000000000000e+02
5.011869999999999692e+01 -1.875000000000000000e+02
4.943110000000000070e+01 -1.875000000000000000e+02
4.875280000000000058e+01 -1.875000000000000000e+02
4.808389999999999986e+01 -1.875000000000000000e+02
4.742419999999999902e+01 -1.875000000000000000e+02
4.677349999999999852e+01 -1.875000000000000000e+02
4.613179999999999836e+01 -1.875000000000000000e+02
4.549880000000000280e+01 -1.875000000000000000e+02
4.487449999999999761e+01 -1.874749999999999943e+02
4.425880000000000081e+01 -1.873770000000000095e+02
4.365160000000000196e+01 -1.872789999999999964e+02
4.305270000000000152e+01 -1.871819999999999879e+02
4.246200000000000330e+01 -1.870840000000000032e+02
4.187939999999999685e+01 -1.869859999999999900e+02
4.130469999999999686e+01 -1.868880000000000052e+02
4.073799999999999955e+01 -1.867909999999999968e+02
4.017909999999999826e+01 -1.866930000000000121e+02
3.962780000000000058e+01 -1.865949999999999989e+02
3.908409999999999940e+01 -1.864979999999999905e+02
3.854780000000000229e+01 -1.864000000000000057e+02
3.801890000000000214e+01 -1.863019999999999925e+02
3.749730000000000274e+01 -1.862050000000000125e+02
3.698279999999999745e+01 -1.861069999999999993e+02
3.647540000000000049e+01 -1.860089999999999861e+02
3.597489999999999810e+01 -1.859120000000000061e+02
3.548129999999999740e+01 -1.858139999999999930e+02
3.499450000000000216e+01 -1.857160000000000082e+02
3.451440000000000197e+01 -1.856189999999999998e+02
3.404079999999999728e+01 -1.855209999999999866e+02
3.357379999999999853e+01 -1.854230000000000018e+02
3.311310000000000286e+01 -1.853259999999999934e+02
3.265879999999999939e+01 -1.852280000000000086e+02
3.221070000000000277e+01 -1.851299999999999955e+02
3.176869999999999905e+01 -1.850329999999999870e+02
3.133289999999999864e+01 -1.848319999999999936e+02
3.090299999999999869e+01 -1.845490000000000066e+02
3.047889999999999944e+01 -1.842659999999999911e+02
3.006080000000000041e+01 -1.839840000000000089e+02
2.964829999999999899e+01 -1.837009999999999934e+02
2.924149999999999849e+01 -1.834190000000000111e+02
2.884029999999999916e+01 -1.831359999999999957e+02
2.844460000000000122e+01 -1.828530000000000086e+02
2.805430000000000135e+01 -1.825709999999999980e+02
2.766939999999999955e+01 -1.822880000000000109e+02
2.728979999999999961e+01 -1.820060000000000002e+02
2.691540000000000177e+01 -1.817230000000000132e+02
2.654609999999999914e+01 -1.814399999999999977e+02
2.618179999999999907e+01 -1.811579999999999870e+02
2.582260000000000133e+01 -1.808750000000000000e+02
2.546829999999999927e+01 -1.805929999999999893e+02
2.511890000000000001e+01 -1.803100000000000023e+02
2.477420000000000044e+01 -1.800269999999999868e+02
2.443430000000000035e+01 -1.797450000000000045e+02
2.409909999999999997e+01 -1.794619999999999891e+02
2.376839999999999975e+01 -1.791800000000000068e+02
2.344229999999999947e+01 -1.788969999999999914e+02
2.312069999999999936e+01 -1.786140000000000043e+02
2.280339999999999989e+01 -1.783319999999999936e+02
2.249050000000000082e+01 -1.780490000000000066e+02
2.218199999999999861e+01 -1.777669999999999959e+02
2.187760000000000105e+01 -1.774519999999999982e+02
2.157740000000000080e+01 -1.768259999999999934e+02
2.128140000000000143e+01 -1.761999999999999886e+02
2.098939999999999984e+01 -1.755740000000000123e+02
2.070139999999999958e+01 -1.749480000000000075e+02
2.041740000000000066e+01 -1.743220000000000027e+02
2.013719999999999999e+01 -1.736959999999999980e+02
1.986090000000000089e+01 -1.730699999999999932e+02
1.958840000000000003e+01 -1.724439999999999884e+02
1.931970000000000098e+01 -1.718180000000000121e+02
1.905460000000000065e+01 -1.711920000000000073e+02
1.879319999999999879e+01 -1.705660000000000025e+02
1.853529999999999944e+01 -1.699399999999999977e+02
1.828099999999999881e+01 -1.693139999999999930e+02
1.803020000000000067e+01 -1.686879999999999882e+02
1.778280000000000172e+01 -1.680620000000000118e+02
1.753879999999999839e+01 -1.674370000000000118e+02
1.729820000000000135e+01 -1.668110000000000070e+02
1.706080000000000041e+01 -1.661850000000000023e+02
1.682669999999999888e+01 -1.655589999999999975e+02
1.659590000000000032e+01 -1.649329999999999927e+02
1.636820000000000164e+01 -1.643069999999999879e+02
1.614359999999999928e+01 -1.636810000000000116e+02
1.592210000000000036e+01 -1.630550000000000068e+02
1.570359999999999978e+01 -1.624290000000000020e+02
1.548820000000000086e+01 -1.622400000000000091e+02
1.527570000000000050e+01 -1.624569999999999936e+02
1.506610000000000049e+01 -1.626740000000000066e+02
1.485940000000000083e+01 -1.628899999999999864e+02
1.465549999999999997e+01 -1.631069999999999993e+02
1.445439999999999969e+01 -1.633240000000000123e+02
1.425609999999999999e+01 -1.635409999999999968e+02
1.406049999999999933e+01 -1.637580000000000098e+02
1.386759999999999948e+01 -1.639749999999999943e+02
1.367730000000000068e+01 -1.641920000000000073e+02
1.348959999999999937e+01 -1.644089999999999918e+02
1.330450000000000088e+01 -1.646260000000000048e+02
1.312199999999999989e+01 -1.648429999999999893e+02
1.294200000000000017e+01 -1.650600000000000023e+02
1.276440000000000019e+01 -1.652769999999999868e+02
1.258929999999999971e+01 -1.654939999999999998e+02
1.241649999999999920e+01 -1.657110000000000127e+02
1.224619999999999997e+01 -1.659279999999999973e+02
1.207809999999999917e+01 -1.661450000000000102e+02
1.191239999999999988e+01 -1.661490000000000009e+02
1.174900000000000055e+01 -1.659600000000000080e+02
1.158779999999999966e+01 -1.657700000000000102e+02
1.142880000000000074e+01 -1.655809999999999889e+02
1.127200000000000024e+01 -1.653919999999999959e+02
1.111730000000000018e+01 -1.652019999999999982e+02
1.096480000000000032e+01 -1.650130000000000052e+02
1.081429999999999936e+01 -1.648230000000000075e+02
1.066600000000000037e+01 -1.646339999999999861e+02
1.051961999999999975e+01 -1.644449999999999932e+02
1.037528999999999968e+01 -1.642549999999999955e+02
1.023292999999999964e+01 -1.640660000000000025e+02
1.009253000000000000e+01 -1.638760000000000048e+02
9.954060000000000130e+00 -1.636169999999999902e+02
9.817479999999999762e+00 -1.632179999999999893e+02
9.682779999999999276e+00 -1.628189999999999884e+02
9.549929999999999808e+00 -1.624199999999999875e+02
9.418900000000000716e+00 -1.620209999999999866e+02
9.289659999999999584e+00 -1.616220000000000141e+02
9.162200000000000344e+00 -1.612230000000000132e+02
9.036490000000000578e+00 -1.608240000000000123e+02
8.912509999999999266e+00 -1.604250000000000114e+02
8.790219999999999700e+00 -1.600269999999999868e+02
8.669620000000000104e+00 -1.596279999999999859e+02
8.550670000000000215e+00 -1.592290000000000134e+02
8.433350000000000790e+00 -1.588300000000000125e+02
8.317640000000000811e+00 -1.584310000000000116e+02
8.203519999999999257e+00 -1.580320000000000107e+02
8.090960000000000818e+00 -1.576330000000000098e+02
7.979949999999999655e+00 -1.572340000000000089e+02
7.870459999999999567e+00 -1.568350000000000080e+02
7.762470000000000425e+00 -1.564360000000000070e+02
7.655960000000000321e+00 -1.560370000000000061e+02
7.550919999999999632e+00 -1.556380000000000052e+02
7.447320000000000384e+00 -1.552390000000000043e+02
7.345139999999999780e+00 -1.548400000000000034e+02
7.244360000000000355e+00 -1.544410000000000025e+02
7.144960000000000200e+00 -1.540420000000000016e+02
7.046929999999999694e+00 -1.536440000000000055e+02
6.950239999999999974e+00 -1.532450000000000045e+02
6.854879999999999640e+00 -1.528460000000000036e+02
6.760830000000000339e+00 -1.524470000000000027e+02
6.668070000000000164e+00 -1.520480000000000018e+02
6.576579999999999870e+00 -1.516490000000000009e+02
6.486340000000000217e+00 -1.512500000000000000e+02
6.397350000000000314e+00 -1.508509999999999991e+02
6.309580000000000410e+00 -1.504519999999999982e+02
6.222999999999999865e+00 -1.500529999999999973e+02
6.137620000000000076e+00 -1.496539999999999964e+02
6.053410000000000402e+00 -1.492549999999999955e+02
5.970349999999999824e+00 -1.487820000000000107e+02
5.888440000000000119e+00 -1.481829999999999927e+02
5.807640000000000136e+00 -1.475840000000000032e+02
5.727960000000000385e+00 -1.469859999999999900e+02
5.649370000000000225e+00 -1.463870000000000005e+02
5.571860000000000035e+00 -1.457880000000000109e+02
5.495409999999999684e+00 -1.451899999999999977e+02
5.420010000000000439e+00 -1.445910000000000082e+02
5.345650000000000013e+00 -1.439929999999999950e+02
5.272300000000000431e+00 -1.433940000000000055e+02
5.199959999999999916e+00 -1.427949999999999875e+02
5.128610000000000113e+00 -1.421970000000000027e+02
5.058250000000000135e+00 -1.415980000000000132e+02
4.988839999999999719e+00 -1.410999999999999943e+02
4.920390000000000263e+00 -1.410999999999999943e+02
4.852879999999999860e+00 -1.410999999999999943e+02
4.786299999999999777e+00 -1.410999999999999943e+02
4.720629999999999882e+00 -1.410999999999999943e+02
4.655859999999999665e+00 -1.410999999999999943e+02
4.591980000000000395e+00 -1.410999999999999943e+02
4.528979999999999784e+00 -1.410999999999999943e+02
4.466840000000000366e+00 -1.410999999999999943e+02
4.405549999999999855e+00 -1.410999999999999943e+02
4.345100000000000406e+00 -1.410999999999999943e+02
4.285479999999999734e+00 -1.411399999999999864e+02
4.226689999999999614e+00 -1.413189999999999884e+02
4.168689999999999785e+00 -1.414979999999999905e+02
4.111500000000000377e+00 -1.416769999999999925e+02
4.055080000000000240e+00 -1.418559999999999945e+02
3.999449999999999950e+00 -1.420339999999999918e+02
3.944570000000000132e+00 -1.422129999999999939e+02
3.890449999999999964e+00 -1.423919999999999959e+02
3.837070000000000203e+00 -1.425709999999999980e+02
3.784429999999999961e+00 -1.427500000000000000e+02
3.732499999999999929e+00 -1.429290000000000020e+02
3.681290000000000173e+00 -1.431080000000000041e+02
3.630780000000000118e+00 -1.432860000000000014e+02
3.580960000000000143e+00 -1.434650000000000034e+02
3.531829999999999803e+00 -1.436440000000000055e+02
3.483369999999999855e+00 -1.438230000000000075e+02
3.435579999999999856e+00 -1.440020000000000095e+02
3.388440000000000119e+00 -1.441810000000000116e+02
3.341950000000000198e+00 -1.443600000000000136e+02
3.296100000000000030e+00 -1.445380000000000109e+02
3.250869999999999926e+00 -1.447170000000000130e+02
3.206269999999999953e+00 -1.448959999999999866e+02
3.162279999999999980e+00 -1.450749999999999886e+02
3.118889999999999940e+00 -1.452539999999999907e+02
3.076099999999999834e+00 -1.454329999999999927e+02
3.033889999999999976e+00 -1.456119999999999948e+02
2.992259999999999920e+00 -1.457899999999999920e+02
2.951210000000000111e+00 -1.459689999999999941e+02
2.910719999999999974e+00 -1.461479999999999961e+02
2.870779999999999887e+00 -1.463269999999999982e+02
2.831389999999999851e+00 -1.465060000000000002e+02
2.792539999999999800e+00 -1.466850000000000023e+02
2.754230000000000178e+00 -1.468640000000000043e+02
2.716439999999999966e+00 -1.470420000000000016e+02
2.679170000000000051e+00 -1.472210000000000036e+02
2.642409999999999926e+00 -1.474000000000000057e+02
2.606149999999999967e+00 -1.475790000000000077e+02
2.570390000000000175e+00 -1.477580000000000098e+02
2.535130000000000106e+00 -1.479370000000000118e+02
2.500340000000000007e+00 -1.481160000000000139e+02
2.466040000000000010e+00 -1.482940000000000111e+02
2.432199999999999918e+00 -1.484730000000000132e+02
2.398829999999999796e+00 -1.486579999999999870e+02
2.365920000000000023e+00 -1.489720000000000084e+02
2.333460000000000090e+00 -1.492870000000000061e+02
2.301439999999999930e+00 -1.496020000000000039e+02
2.269859999999999989e+00 -1.499170000000000016e+02
2.238719999999999821e+00 -1.502319999999999993e+02
2.208000000000000185e+00 -1.505469999999999970e+02
2.177709999999999813e+00 -1.508619999999999948e+02
2.147829999999999906e+00 -1.511769999999999925e+02
2.118360000000000021e+00 -1.514919999999999902e+02
2.089300000000000157e+00 -1.518060000000000116e+02
2.060630000000000184e+00 -1.521210000000000093e+02
2.032360000000000166e+00 -1.524360000000000070e+02
2.004469999999999974e+00 -1.527510000000000048e+02
1.976969999999999894e+00 -1.530660000000000025e+02
1.949840000000000018e+00 -1.533810000000000002e+02
1.923089999999999966e+00 -1.536959999999999980e+02
1.896709999999999896e+00 -1.540109999999999957e+02
1.870679999999999898e+00 -1.543249999999999886e+02
1.845010000000000039e+00 -1.546399999999999864e+02
1.819700000000000095e+00 -1.549550000000000125e+02
1.794729999999999936e+00 -1.552700000000000102e+02
1.770110000000000072e+00 -1.555850000000000080e+02
1.745819999999999927e+00 -1.559000000000000057e+02
1.721870000000000012e+00 -1.562150000000000034e+02
1.698239999999999972e+00 -1.565300000000000011e+02
1.674940000000000095e+00 -1.568439999999999941e+02
1.651960000000000095e+00 -1.571589999999999918e+02
1.629299999999999971e+00 -1.574739999999999895e+02
1.606940000000000035e+00 -1.577889999999999873e+02
1.584889999999999910e+00 -1.581040000000000134e+02
1.563150000000000039e+00 -1.584190000000000111e+02
1.541700000000000070e+00 -1.587340000000000089e+02
1.520550000000000068e+00 -1.590490000000000066e+02
1.499689999999999968e+00 -1.593640000000000043e+02
1.479109999999999925e+00 -1.596779999999999973e+02
1.458809999999999940e+00 -1.599929999999999950e+02
1.438800000000000079e+00 -1.603079999999999927e+02
1.419059999999999988e+00 -1.606229999999999905e+02
1.399589999999999890e+00 -1.609379999999999882e+02
1.380379999999999940e+00 -1.612529999999999859e+02
1.361439999999999984e+00 -1.615680000000000121e+02
1.342759999999999954e+00 -1.618830000000000098e+02
1.324340000000000073e+00 -1.621970000000000027e+02
1.306170000000000053e+00 -1.625120000000000005e+02
1.288249999999999895e+00 -1.628269999999999982e+02
1.270569999999999977e+00 -1.631419999999999959e+02
1.253139999999999921e+00 -1.634569999999999936e+02
1.235950000000000104e+00 -1.637410000000000139e+02
1.218990000000000018e+00 -1.639149999999999920e+02
1.202260000000000106e+00 -1.640879999999999939e+02
1.185769999999999991e+00 -1.642609999999999957e+02
1.169499999999999984e+00 -1.644350000000000023e+02
1.153450000000000086e+00 -1.646080000000000041e+02
1.137629999999999919e+00 -1.647820000000000107e+02
1.122020000000000017e+00 -1.649550000000000125e+02
1.106619999999999937e+00 -1.651279999999999859e+02
1.091439999999999966e+00 -1.653019999999999925e+02
1.076470000000000038e+00 -1.654749999999999943e+02
1.061700000000000088e+00 -1.656490000000000009e+02
1.047129999999999894e+00 -1.658220000000000027e+02
1.032759999999999900e+00 -1.659950000000000045e+02
1.018590000000000106e+00 -1.661690000000000111e+02
1.004620000000000068e+00 -1.663420000000000130e+02
9.908320000000000460e-01 -1.665159999999999911e+02
9.772370000000000223e-01 -1.666889999999999930e+02
9.638280000000000181e-01 -1.668619999999999948e+02
9.506050000000000333e-01 -1.670360000000000014e+02
9.375620000000000065e-01 -1.672090000000000032e+02
9.246980000000000199e-01 -1.673830000000000098e+02
9.120110000000000161e-01 -1.675560000000000116e+02
8.994980000000000198e-01 -1.677290000000000134e+02
8.871559999999999446e-01 -1.679029999999999916e+02
8.749839999999999840e-01 -1.680759999999999934e+02
8.629780000000000229e-01 -1.682500000000000000e+02
8.511379999999999502e-01 -1.684230000000000018e+02
8.394599999999999840e-01 -1.685960000000000036e+02
8.279419999999999558e-01 -1.687700000000000102e+02
8.165829999999999478e-01 -1.689430000000000121e+02
8.053789999999999560e-01 -1.691169999999999902e+02
7.943280000000000340e-01 -1.691699999999999875e+02
7.834299999999999597e-01 -1.691200000000000045e+02
7.726809999999999512e-01 -1.690699999999999932e+02
7.620789999999999509e-01 -1.690209999999999866e+02
7.516230000000000411e-01 -1.689710000000000036e+02
7.413100000000000245e-01 -1.689209999999999923e+02
7.311389999999999834e-01 -1.688710000000000093e+02
7.211070000000000535e-01 -1.688209999999999980e+02
7.112129999999999841e-01 -1.687719999999999914e+02
7.014550000000000507e-01 -1.687220000000000084e+02
6.918309999999999738e-01 -1.686719999999999970e+02
6.823390000000000288e-01 -1.686220000000000141e+02
6.729770000000000474e-01 -1.685720000000000027e+02
6.637429999999999719e-01 -1.685229999999999961e+02
6.546359999999999957e-01 -1.684730000000000132e+02
6.456539999999999502e-01 -1.684230000000000018e+02
6.367949999999999999e-01 -1.683729999999999905e+02
6.280580000000000052e-01 -1.683230000000000075e+02
6.194410000000000194e-01 -1.682740000000000009e+02
6.109419999999999851e-01 -1.682239999999999895e+02
6.025589999999999558e-01 -1.681740000000000066e+02
5.942920000000000424e-01 -1.681239999999999952e+02
5.861380000000000479e-01 -1.680740000000000123e+02
5.780960000000000543e-01 -1.680250000000000057e+02
5.701640000000000041e-01 -1.679749999999999943e+02
5.623409999999999798e-01 -1.679250000000000114e+02
5.546259999999999524e-01 -1.678750000000000000e+02
5.470159999999999467e-01 -1.678249999999999886e+02
5.395100000000000451e-01 -1.677760000000000105e+02
5.321080000000000254e-01 -1.677259999999999991e+02
5.248070000000000235e-01 -1.676759999999999877e+02
5.176070000000000393e-01 -1.676260000000000048e+02
5.105049999999999866e-01 -1.675759999999999934e+02
5.035009999999999764e-01 -1.675269999999999868e+02
4.965919999999999779e-01 -1.674770000000000039e+02
4.897790000000000199e-01 -1.674269999999999925e+02
4.830590000000000162e-01 -1.673770000000000095e+02
4.764309999999999934e-01 -1.673269999999999982e+02
4.698939999999999784e-01 -1.672779999999999916e+02
4.634469999999999978e-01 -1.672280000000000086e+02
4.570879999999999943e-01 -1.671779999999999973e+02
4.508170000000000233e-01 -1.671279999999999859e+02
4.446309999999999985e-01 -1.670780000000000030e+02
4.385299999999999754e-01 -1.670289999999999964e+02
4.325140000000000096e-01 -1.669790000000000134e+02
4.265800000000000147e-01 -1.669290000000000020e+02
4.207270000000000176e-01 -1.668789999999999907e+02
4.149539999999999895e-01 -1.668290000000000077e+02
4.092609999999999859e-01 -1.667800000000000011e+02
4.036449999999999760e-01 -1.667299999999999898e+02
3.981069999999999887e-01 -1.666999999999999886e+02
3.926450000000000218e-01 -1.666999999999999886e+02
3.872570000000000179e-01 -1.666999999999999886e+02
3.819440000000000057e-01 -1.666999999999999886e+02
3.767039999999999833e-01 -1.666999999999999886e+02
3.715350000000000041e-01 -1.666999999999999886e+02
3.664379999999999860e-01 -1.666999999999999886e+02
3.614100000000000090e-01 -1.666999999999999886e+02
3.564510000000000178e-01 -1.666999999999999886e+02
3.515599999999999836e-01 -1.666999999999999886e+02
3.467370000000000174e-01 -1.666999999999999886e+02
3.419789999999999774e-01 -1.666999999999999886e+02
3.372870000000000035e-01 -1.666999999999999886e+02
3.326589999999999825e-01 -1.666999999999999886e+02
3.280950000000000255e-01 -1.666999999999999886e+02
3.235930000000000195e-01 -1.666999999999999886e+02
3.191539999999999933e-01 -1.666999999999999886e+02
3.147750000000000270e-01 -1.666999999999999886e+02
3.104560000000000097e-01 -1.666999999999999886e+02
3.061960000000000237e-01 -1.666999999999999886e+02
3.019950000000000134e-01 -1.666999999999999886e+02
2.978520000000000056e-01 -1.666999999999999886e+02
2.937649999999999983e-01 -1.666999999999999886e+02
2.897339999999999915e-01 -1.666999999999999886e+02
2.857589999999999852e-01 -1.666999999999999886e+02
2.818379999999999774e-01 -1.666999999999999886e+02
2.779710000000000236e-01 -1.666999999999999886e+02
2.741569999999999840e-01 -1.666999999999999886e+02
2.703960000000000252e-01 -1.666999999999999886e+02
2.666859999999999786e-01 -1.666999999999999886e+02
2.630270000000000108e-01 -1.666999999999999886e+02
2.594179999999999819e-01 -1.666999999999999886e+02
2.558590000000000031e-01 -1.666999999999999886e+02
2.523480000000000167e-01 -1.666999999999999886e+02
2.488859999999999961e-01 -1.666999999999999886e+02
2.454709999999999948e-01 -1.666999999999999886e+02
2.421030000000000126e-01 -1.666999999999999886e+02
2.387809999999999933e-01 -1.666999999999999886e+02
2.355049999999999921e-01 -1.666999999999999886e+02
2.322740000000000082e-01 -1.666999999999999886e+02
2.290870000000000128e-01 -1.666999999999999886e+02
2.259440000000000059e-01 -1.666999999999999886e+02
2.228439999999999865e-01 -1.666999999999999886e+02
2.197860000000000091e-01 -1.666999999999999886e+02
2.167699999999999905e-01 -1.666999999999999886e+02
2.137960000000000138e-01 -1.666999999999999886e+02
2.108629999999999949e-01 -1.666999999999999886e+02
2.079699999999999882e-01 -1.666999999999999886e+02
2.051159999999999928e-01 -1.666999999999999886e+02
2.023020000000000096e-01 -1.666999999999999886e+02
1.995260000000000089e-01 -1.666999999999999886e+02
1.967889999999999917e-01 -1.666999999999999886e+02
1.940890000000000115e-01 -1.666999999999999886e+02
1.914260000000000128e-01 -1.666999999999999886e+02
1.887989999999999946e-01 -1.666999999999999886e+02
1.862090000000000134e-01 -1.666999999999999886e+02
1.836540000000000117e-01 -1.666999999999999886e+02
1.811339999999999895e-01 -1.666999999999999886e+02
1.786490000000000022e-01 -1.666999999999999886e+02
1.761979999999999935e-01 -1.666999999999999886e+02
1.737799999999999900e-01 -1.666999999999999886e+02
1.713959999999999928e-01 -1.666999999999999886e+02
1.690439999999999998e-01 -1.667139999999999986e+02
1.667250000000000121e-01 -1.667479999999999905e+02
1.644369999999999998e-01 -1.667820000000000107e+02
1.621809999999999918e-01 -1.668160000000000025e+02
1.599559999999999871e-01 -1.668489999999999895e+02
1.577610000000000123e-01 -1.668830000000000098e+02
1.555970000000000131e-01 -1.669170000000000016e+02
1.534619999999999873e-01 -1.669509999999999934e+02
1.513559999999999905e-01 -1.669850000000000136e+02
1.492789999999999950e-01 -1.670190000000000055e+02
1.472310000000000008e-01 -1.670519999999999925e+02
1.452110000000000067e-01 -1.670860000000000127e+02
1.432190000000000130e-01 -1.671200000000000045e+02
1.412539999999999907e-01 -1.671539999999999964e+02
1.393159999999999954e-01 -1.671879999999999882e+02
1.374039999999999984e-01 -1.672220000000000084e+02
1.355190000000000006e-01 -1.672560000000000002e+02
1.336600000000000010e-01 -1.672889999999999873e+02
1.318259999999999987e-01 -1.673230000000000075e+02
1.300169999999999937e-01 -1.673569999999999993e+02
1.282330000000000136e-01 -1.673909999999999911e+02
1.264740000000000031e-01 -1.674250000000000114e+02
1.247380000000000017e-01 -1.674590000000000032e+02
1.230269999999999975e-01 -1.674919999999999902e+02
1.213390000000000024e-01 -1.675260000000000105e+02
1.196740000000000026e-01 -1.675600000000000023e+02
1.180319999999999980e-01 -1.675939999999999941e+02
1.164130000000000026e-01 -1.676279999999999859e+02
1.148150000000000004e-01 -1.676620000000000061e+02
1.132399999999999934e-01 -1.676949999999999932e+02
1.116859999999999936e-01 -1.677290000000000134e+02
1.101540000000000019e-01 -1.677630000000000052e+02
1.086430000000000035e-01 -1.677969999999999970e+02
1.071519999999999972e-01 -1.678309999999999889e+02
1.056819999999999982e-01 -1.678650000000000091e+02
1.042320000000000052e-01 -1.678979999999999961e+02
1.028020000000000045e-01 -1.679319999999999879e+02
1.013909999999999950e-01 -1.679660000000000082e+02
1.000000000000000056e-01 -1.680000000000000000e+02
